0 verbose cli [
0 verbose cli   'E:\\node.exe',
0 verbose cli   'C:\\Users\\Victor de flos\\AppData\\Roaming\\npm\\node_modules\\npm\\bin\\npm-cli.js',
0 verbose cli   'install',
0 verbose cli   '--save-dev',
0 verbose cli   'nodemon'
0 verbose cli ]
1 info using npm@8.3.0
2 info using node@v17.3.0
3 timing npm:load:whichnode Completed in 1ms
4 timing config:load:defaults Completed in 5ms
5 timing config:load:file:C:\Users\Victor de flos\AppData\Roaming\npm\node_modules\npm\npmrc Completed in 5ms
6 timing config:load:builtin Completed in 7ms
7 timing config:load:cli Completed in 6ms
8 timing config:load:env Completed in 2ms
9 timing config:load:file:C:\Users\Victor de flos\Dropbox\PC\Desktop\REST_API\.npmrc Completed in 0ms
10 timing config:load:project Completed in 7ms
11 timing config:load:file:C:\Users\Victor de flos\.npmrc Completed in 1ms
12 timing config:load:user Completed in 1ms
13 timing config:load:file:C:\Users\Victor de flos\AppData\Roaming\npm\etc\npmrc Completed in 0ms
14 timing config:load:global Completed in 0ms
15 timing config:load:validate Completed in 1ms
16 timing config:load:credentials Completed in 2ms
17 timing config:load:setEnvs Completed in 2ms
18 timing config:load Completed in 35ms
19 timing npm:load:configload Completed in 35ms
20 timing npm:load:setTitle Completed in 1ms
21 timing config:load:flatten Completed in 8ms
22 timing npm:load:display Completed in 11ms
23 verbose logfile C:\Users\Victor de flos\Dropbox\PC\Desktop\REST_API\_logs\2022-01-06T09_47_57_114Z-debug-0.log
24 timing npm:load:logFile Completed in 14ms
25 timing npm:load:timers Completed in 0ms
26 timing npm:load:configScope Completed in 0ms
27 timing npm:load Completed in 65ms
28 timing arborist:ctor Completed in 1ms
29 timing idealTree:init Completed in 105ms
30 timing idealTree:userRequests Completed in 3ms
31 silly idealTree buildDeps
32 silly fetch manifest nodemon@*
33 timing arborist:ctor Completed in 0ms
34 http fetch GET 200 https://registry.npmjs.org/nodemon 492ms (cache miss)
35 silly placeDep ROOT nodemon@2.0.15 OK for: rest_api@1.0.0 want: *
36 silly fetch manifest chokidar@^3.5.2
37 silly fetch manifest debug@^3.2.7
38 silly fetch manifest ignore-by-default@^1.0.1
39 silly fetch manifest minimatch@^3.0.4
40 silly fetch manifest pstree.remy@^1.1.8
41 silly fetch manifest semver@^5.7.1
42 silly fetch manifest supports-color@^5.5.0
43 silly fetch manifest touch@^3.1.0
44 silly fetch manifest undefsafe@^2.0.5
45 silly fetch manifest update-notifier@^5.1.0
46 http fetch GET 200 https://registry.npmjs.org/chokidar 131ms (cache miss)
47 http fetch GET 200 https://registry.npmjs.org/semver 263ms (cache miss)
48 http fetch GET 200 https://registry.npmjs.org/supports-color 267ms (cache miss)
49 http fetch GET 200 https://registry.npmjs.org/ignore-by-default 275ms (cache miss)
50 http fetch GET 200 https://registry.npmjs.org/minimatch 290ms (cache miss)
51 http fetch GET 200 https://registry.npmjs.org/touch 288ms (cache miss)
52 http fetch GET 200 https://registry.npmjs.org/pstree.remy 293ms (cache miss)
53 http fetch GET 200 https://registry.npmjs.org/undefsafe 291ms (cache miss)
54 http fetch GET 200 https://registry.npmjs.org/debug 299ms (cache miss)
55 http fetch GET 200 https://registry.npmjs.org/update-notifier 299ms (cache miss)
56 timing idealTree:#root Completed in 823ms
57 silly placeDep ROOT chokidar@3.5.2 OK for: nodemon@2.0.15 want: ^3.5.2
58 silly placeDep node_modules/nodemon debug@3.2.7 OK for: nodemon@2.0.15 want: ^3.2.7
59 silly placeDep ROOT ignore-by-default@1.0.1 OK for: nodemon@2.0.15 want: ^1.0.1
60 silly placeDep ROOT minimatch@3.0.4 OK for: nodemon@2.0.15 want: ^3.0.4
61 silly placeDep ROOT pstree.remy@1.1.8 OK for: nodemon@2.0.15 want: ^1.1.8
62 silly placeDep ROOT semver@5.7.1 OK for: nodemon@2.0.15 want: ^5.7.1
63 silly placeDep ROOT supports-color@5.5.0 OK for: nodemon@2.0.15 want: ^5.5.0
64 silly placeDep ROOT touch@3.1.0 OK for: nodemon@2.0.15 want: ^3.1.0
65 silly placeDep ROOT undefsafe@2.0.5 OK for: nodemon@2.0.15 want: ^2.0.5
66 silly placeDep ROOT update-notifier@5.1.0 OK for: nodemon@2.0.15 want: ^5.1.0
67 silly fetch manifest anymatch@~3.1.2
68 silly fetch manifest braces@~3.0.2
69 silly fetch manifest glob-parent@~5.1.2
70 silly fetch manifest is-binary-path@~2.1.0
71 silly fetch manifest is-glob@~4.0.1
72 silly fetch manifest normalize-path@~3.0.0
73 silly fetch manifest readdirp@~3.6.0
74 silly fetch manifest fsevents@~2.3.2
75 silly fetch manifest ms@^2.1.1
76 silly fetch manifest brace-expansion@^1.1.7
77 silly fetch manifest has-flag@^3.0.0
78 silly fetch manifest nopt@~1.0.10
79 silly fetch manifest boxen@^5.0.0
80 silly fetch manifest chalk@^4.1.0
81 silly fetch manifest configstore@^5.0.1
82 silly fetch manifest has-yarn@^2.1.0
83 silly fetch manifest import-lazy@^2.1.0
84 silly fetch manifest is-ci@^2.0.0
85 silly fetch manifest is-installed-globally@^0.4.0
86 silly fetch manifest is-npm@^5.0.0
87 silly fetch manifest is-yarn-global@^0.3.0
88 silly fetch manifest latest-version@^5.1.0
89 silly fetch manifest pupa@^2.1.1
90 silly fetch manifest semver@^7.3.4
91 silly fetch manifest semver-diff@^3.1.1
92 silly fetch manifest xdg-basedir@^4.0.0
93 http fetch GET 200 https://registry.npmjs.org/braces 328ms (cache miss)
94 http fetch GET 200 https://registry.npmjs.org/readdirp 345ms (cache miss)
95 http fetch GET 200 https://registry.npmjs.org/anymatch 356ms (cache miss)
96 http fetch GET 200 https://registry.npmjs.org/is-binary-path 360ms (cache miss)
97 http fetch GET 200 https://registry.npmjs.org/fsevents 358ms (cache miss)
98 http fetch GET 200 https://registry.npmjs.org/glob-parent 365ms (cache miss)
99 http fetch GET 200 https://registry.npmjs.org/normalize-path 366ms (cache miss)
100 http fetch GET 200 https://registry.npmjs.org/is-ci 350ms (cache miss)
101 http fetch GET 200 https://registry.npmjs.org/ms 368ms (cache miss)
102 http fetch GET 200 https://registry.npmjs.org/is-glob 372ms (cache miss)
103 http fetch GET 200 https://registry.npmjs.org/brace-expansion 374ms (cache miss)
104 http fetch GET 200 https://registry.npmjs.org/has-yarn 366ms (cache miss)
105 http fetch GET 200 https://registry.npmjs.org/semver-diff 358ms (cache miss)
106 http fetch GET 200 https://registry.npmjs.org/is-installed-globally 368ms (cache miss)
107 http fetch GET 200 https://registry.npmjs.org/is-npm 369ms (cache miss)
108 http fetch GET 200 https://registry.npmjs.org/latest-version 370ms (cache miss)
109 http fetch GET 200 https://registry.npmjs.org/xdg-basedir 368ms (cache miss)
110 http fetch GET 200 https://registry.npmjs.org/import-lazy 382ms (cache miss)
111 http fetch GET 200 https://registry.npmjs.org/is-yarn-global 387ms (cache miss)
112 http fetch GET 200 https://registry.npmjs.org/pupa 387ms (cache miss)
113 http fetch GET 200 https://registry.npmjs.org/configstore 401ms (cache miss)
114 http fetch GET 200 https://registry.npmjs.org/nopt 408ms (cache miss)
115 http fetch GET 200 https://registry.npmjs.org/chalk 415ms (cache miss)
116 http fetch GET 200 https://registry.npmjs.org/has-flag 426ms (cache miss)
117 http fetch GET 200 https://registry.npmjs.org/boxen 432ms (cache miss)
118 timing idealTree:node_modules/nodemon Completed in 480ms
119 silly placeDep ROOT anymatch@3.1.2 OK for: chokidar@3.5.2 want: ~3.1.2
120 silly placeDep ROOT braces@3.0.2 OK for: chokidar@3.5.2 want: ~3.0.2
121 silly placeDep ROOT fsevents@2.3.2 OK for: chokidar@3.5.2 want: ~2.3.2
122 silly placeDep ROOT glob-parent@5.1.2 OK for: chokidar@3.5.2 want: ~5.1.2
123 silly placeDep ROOT is-binary-path@2.1.0 OK for: chokidar@3.5.2 want: ~2.1.0
124 silly placeDep ROOT is-glob@4.0.3 OK for: chokidar@3.5.2 want: ~4.0.1
125 silly placeDep ROOT normalize-path@3.0.0 OK for: chokidar@3.5.2 want: ~3.0.0
126 silly placeDep ROOT readdirp@3.6.0 OK for: chokidar@3.5.2 want: ~3.6.0
127 silly fetch manifest picomatch@^2.0.4
128 silly fetch manifest fill-range@^7.0.1
129 silly fetch manifest binary-extensions@^2.0.0
130 silly fetch manifest is-extglob@^2.1.1
131 silly fetch manifest picomatch@^2.2.1
132 http fetch GET 200 https://registry.npmjs.org/is-extglob 69ms (cache miss)
133 http fetch GET 200 https://registry.npmjs.org/binary-extensions 75ms (cache miss)
134 http fetch GET 200 https://registry.npmjs.org/picomatch 80ms (cache miss)
135 http fetch GET 200 https://registry.npmjs.org/fill-range 81ms (cache miss)
136 timing idealTree:node_modules/chokidar Completed in 108ms
137 silly placeDep ROOT picomatch@2.3.1 OK for: anymatch@3.1.2 want: ^2.0.4
138 timing idealTree:node_modules/anymatch Completed in 4ms
139 silly placeDep ROOT fill-range@7.0.1 OK for: braces@3.0.2 want: ^7.0.1
140 silly fetch manifest to-regex-range@^5.0.1
141 http fetch GET 200 https://registry.npmjs.org/to-regex-range 68ms (cache miss)
142 timing idealTree:node_modules/braces Completed in 75ms
143 silly placeDep ROOT to-regex-range@5.0.1 OK for: fill-range@7.0.1 want: ^5.0.1
144 silly fetch manifest is-number@^7.0.0
145 http fetch GET 200 https://registry.npmjs.org/is-number 65ms (cache miss)
146 timing idealTree:node_modules/fill-range Completed in 72ms
147 timing idealTree:node_modules/fsevents Completed in 0ms
148 timing idealTree:node_modules/glob-parent Completed in 0ms
149 timing idealTree:node_modules/ignore-by-default Completed in 0ms
150 silly placeDep ROOT binary-extensions@2.2.0 OK for: is-binary-path@2.1.0 want: ^2.0.0
151 timing idealTree:node_modules/is-binary-path Completed in 3ms
152 timing idealTree:node_modules/binary-extensions Completed in 0ms
153 silly placeDep ROOT is-extglob@2.1.1 OK for: is-glob@4.0.3 want: ^2.1.1
154 timing idealTree:node_modules/is-glob Completed in 4ms
155 timing idealTree:node_modules/is-extglob Completed in 0ms
156 silly placeDep ROOT brace-expansion@1.1.11 OK for: minimatch@3.0.4 want: ^1.1.7
157 silly fetch manifest balanced-match@^1.0.0
158 silly fetch manifest concat-map@0.0.1
159 http fetch GET 200 https://registry.npmjs.org/concat-map 77ms (cache miss)
160 http fetch GET 200 https://registry.npmjs.org/balanced-match 87ms (cache miss)
161 timing idealTree:node_modules/minimatch Completed in 97ms
162 silly placeDep ROOT balanced-match@1.0.2 OK for: brace-expansion@1.1.11 want: ^1.0.0
163 silly placeDep ROOT concat-map@0.0.1 OK for: brace-expansion@1.1.11 want: 0.0.1
164 timing idealTree:node_modules/brace-expansion Completed in 5ms
165 timing idealTree:node_modules/balanced-match Completed in 1ms
166 timing idealTree:node_modules/concat-map Completed in 0ms
167 timing idealTree:node_modules/normalize-path Completed in 0ms
168 timing idealTree:node_modules/picomatch Completed in 0ms
169 timing idealTree:node_modules/pstree.remy Completed in 0ms
170 timing idealTree:node_modules/readdirp Completed in 0ms
171 timing idealTree:node_modules/semver Completed in 0ms
172 silly placeDep ROOT has-flag@3.0.0 OK for: supports-color@5.5.0 want: ^3.0.0
173 timing idealTree:node_modules/supports-color Completed in 3ms
174 timing idealTree:node_modules/has-flag Completed in 0ms
175 silly placeDep ROOT is-number@7.0.0 OK for: to-regex-range@5.0.1 want: ^7.0.0
176 timing idealTree:node_modules/to-regex-range Completed in 2ms
177 timing idealTree:node_modules/is-number Completed in 0ms
178 silly placeDep ROOT nopt@1.0.10 OK for: touch@3.1.0 want: ~1.0.10
179 silly fetch manifest abbrev@1
180 http fetch GET 200 https://registry.npmjs.org/abbrev 66ms (cache miss)
181 timing idealTree:node_modules/touch Completed in 70ms
182 silly placeDep ROOT abbrev@1.1.1 OK for: nopt@1.0.10 want: 1
183 timing idealTree:node_modules/nopt Completed in 3ms
184 timing idealTree:node_modules/abbrev Completed in 0ms
185 timing idealTree:node_modules/undefsafe Completed in 0ms
186 silly placeDep ROOT boxen@5.1.2 OK for: update-notifier@5.1.0 want: ^5.0.0
187 silly placeDep ROOT chalk@4.1.2 OK for: update-notifier@5.1.0 want: ^4.1.0
188 silly placeDep ROOT configstore@5.0.1 OK for: update-notifier@5.1.0 want: ^5.0.1
189 silly placeDep ROOT has-yarn@2.1.0 OK for: update-notifier@5.1.0 want: ^2.1.0
190 silly placeDep ROOT import-lazy@2.1.0 OK for: update-notifier@5.1.0 want: ^2.1.0
191 silly placeDep ROOT is-ci@2.0.0 OK for: update-notifier@5.1.0 want: ^2.0.0
192 silly placeDep ROOT is-installed-globally@0.4.0 OK for: update-notifier@5.1.0 want: ^0.4.0
193 silly placeDep ROOT is-npm@5.0.0 OK for: update-notifier@5.1.0 want: ^5.0.0
194 silly placeDep ROOT is-yarn-global@0.3.0 OK for: update-notifier@5.1.0 want: ^0.3.0
195 silly placeDep ROOT latest-version@5.1.0 OK for: update-notifier@5.1.0 want: ^5.1.0
196 silly placeDep ROOT pupa@2.1.1 OK for: update-notifier@5.1.0 want: ^2.1.1
197 silly placeDep node_modules/update-notifier semver@7.3.5 OK for: update-notifier@5.1.0 want: ^7.3.4
198 silly placeDep ROOT semver-diff@3.1.1 OK for: update-notifier@5.1.0 want: ^3.1.1
199 silly placeDep ROOT xdg-basedir@4.0.0 OK for: update-notifier@5.1.0 want: ^4.0.0
200 silly fetch manifest ansi-align@^3.0.0
201 silly fetch manifest camelcase@^6.2.0
202 silly fetch manifest cli-boxes@^2.2.1
203 silly fetch manifest string-width@^4.2.2
204 silly fetch manifest type-fest@^0.20.2
205 silly fetch manifest widest-line@^3.1.0
206 silly fetch manifest wrap-ansi@^7.0.0
207 silly fetch manifest ansi-styles@^4.1.0
208 silly fetch manifest supports-color@^7.1.0
209 silly fetch manifest dot-prop@^5.2.0
210 silly fetch manifest graceful-fs@^4.1.2
211 silly fetch manifest make-dir@^3.0.0
212 silly fetch manifest unique-string@^2.0.0
213 silly fetch manifest write-file-atomic@^3.0.0
214 silly fetch manifest ci-info@^2.0.0
215 silly fetch manifest global-dirs@^3.0.0
216 silly fetch manifest is-path-inside@^3.0.2
217 silly fetch manifest package-json@^6.3.0
218 silly fetch manifest escape-goat@^2.0.0
219 silly fetch manifest lru-cache@^6.0.0
220 silly fetch manifest semver@^6.3.0
221 http fetch GET 200 https://registry.npmjs.org/graceful-fs 238ms (cache miss)
222 http fetch GET 200 https://registry.npmjs.org/ansi-align 260ms (cache miss)
223 http fetch GET 200 https://registry.npmjs.org/ci-info 248ms (cache miss)
224 http fetch GET 200 https://registry.npmjs.org/string-width 263ms (cache miss)
225 http fetch GET 200 https://registry.npmjs.org/unique-string 259ms (cache miss)
226 http fetch GET 200 https://registry.npmjs.org/cli-boxes 272ms (cache miss)
227 http fetch GET 200 https://registry.npmjs.org/type-fest 271ms (cache miss)
228 http fetch GET 200 https://registry.npmjs.org/wrap-ansi 274ms (cache miss)
229 http fetch GET 200 https://registry.npmjs.org/widest-line 278ms (cache miss)
230 http fetch GET 200 https://registry.npmjs.org/camelcase 286ms (cache miss)
231 http fetch GET 200 https://registry.npmjs.org/global-dirs 272ms (cache miss)
232 http fetch GET 200 https://registry.npmjs.org/dot-prop 284ms (cache miss)
233 http fetch GET 200 https://registry.npmjs.org/ansi-styles 300ms (cache miss)
234 http fetch GET 200 https://registry.npmjs.org/make-dir 300ms (cache miss)
235 http fetch GET 200 https://registry.npmjs.org/is-path-inside 296ms (cache miss)
236 http fetch GET 200 https://registry.npmjs.org/write-file-atomic 302ms (cache miss)
237 http fetch GET 200 https://registry.npmjs.org/lru-cache 297ms (cache miss)
238 http fetch GET 200 https://registry.npmjs.org/escape-goat 302ms (cache miss)
239 http fetch GET 200 https://registry.npmjs.org/package-json 305ms (cache miss)
240 timing idealTree:node_modules/update-notifier Completed in 354ms
241 silly placeDep ROOT ansi-align@3.0.1 OK for: boxen@5.1.2 want: ^3.0.0
242 silly placeDep ROOT camelcase@6.3.0 OK for: boxen@5.1.2 want: ^6.2.0
243 silly placeDep ROOT cli-boxes@2.2.1 OK for: boxen@5.1.2 want: ^2.2.1
244 silly placeDep ROOT string-width@4.2.3 OK for: boxen@5.1.2 want: ^4.2.2
245 silly placeDep ROOT type-fest@0.20.2 OK for: boxen@5.1.2 want: ^0.20.2
246 silly placeDep ROOT widest-line@3.1.0 OK for: boxen@5.1.2 want: ^3.1.0
247 silly placeDep ROOT wrap-ansi@7.0.0 OK for: boxen@5.1.2 want: ^7.0.0
248 silly fetch manifest emoji-regex@^8.0.0
249 silly fetch manifest is-fullwidth-code-point@^3.0.0
250 silly fetch manifest strip-ansi@^6.0.1
251 silly fetch manifest ansi-styles@^4.0.0
252 silly fetch manifest strip-ansi@^6.0.0
253 http fetch GET 200 https://registry.npmjs.org/emoji-regex 61ms (cache miss)
254 http fetch GET 200 https://registry.npmjs.org/strip-ansi 73ms (cache miss)
255 http fetch GET 200 https://registry.npmjs.org/is-fullwidth-code-point 94ms (cache miss)
256 timing idealTree:node_modules/boxen Completed in 115ms
257 timing idealTree:node_modules/ansi-align Completed in 0ms
258 timing idealTree:node_modules/camelcase Completed in 0ms
259 silly placeDep ROOT ansi-styles@4.3.0 OK for: chalk@4.1.2 want: ^4.1.0
260 silly placeDep node_modules/chalk supports-color@7.2.0 OK for: chalk@4.1.2 want: ^7.1.0
261 silly fetch manifest color-convert@^2.0.1
262 silly fetch manifest has-flag@^4.0.0
263 http fetch GET 200 https://registry.npmjs.org/color-convert 61ms (cache miss)
264 timing idealTree:node_modules/chalk Completed in 70ms
265 silly placeDep ROOT color-convert@2.0.1 OK for: ansi-styles@4.3.0 want: ^2.0.1
266 silly fetch manifest color-name@~1.1.4
267 http fetch GET 200 https://registry.npmjs.org/color-name 59ms (cache miss)
268 timing idealTree:node_modules/ansi-styles Completed in 63ms
269 timing idealTree:node_modules/cli-boxes Completed in 0ms
270 silly placeDep ROOT color-name@1.1.4 OK for: color-convert@2.0.1 want: ~1.1.4
271 timing idealTree:node_modules/color-convert Completed in 3ms
272 timing idealTree:node_modules/color-name Completed in 0ms
273 silly placeDep ROOT dot-prop@5.3.0 OK for: configstore@5.0.1 want: ^5.2.0
274 silly placeDep ROOT graceful-fs@4.2.9 OK for: configstore@5.0.1 want: ^4.1.2
275 silly placeDep ROOT make-dir@3.1.0 OK for: configstore@5.0.1 want: ^3.0.0
276 silly placeDep ROOT unique-string@2.0.0 OK for: configstore@5.0.1 want: ^2.0.0
277 silly placeDep ROOT write-file-atomic@3.0.3 OK for: configstore@5.0.1 want: ^3.0.0
278 silly fetch manifest is-obj@^2.0.0
279 silly fetch manifest semver@^6.0.0
280 silly fetch manifest crypto-random-string@^2.0.0
281 silly fetch manifest imurmurhash@^0.1.4
282 silly fetch manifest is-typedarray@^1.0.0
283 silly fetch manifest signal-exit@^3.0.2
284 silly fetch manifest typedarray-to-buffer@^3.1.5
285 http fetch GET 200 https://registry.npmjs.org/imurmurhash 68ms (cache miss)
286 http fetch GET 200 https://registry.npmjs.org/is-typedarray 74ms (cache miss)
287 http fetch GET 200 https://registry.npmjs.org/signal-exit 83ms (cache miss)
288 http fetch GET 200 https://registry.npmjs.org/typedarray-to-buffer 83ms (cache miss)
289 http fetch GET 200 https://registry.npmjs.org/crypto-random-string 93ms (cache miss)
290 http fetch GET 200 https://registry.npmjs.org/is-obj 106ms (cache miss)
291 timing idealTree:node_modules/configstore Completed in 117ms
292 silly placeDep ROOT is-obj@2.0.0 OK for: dot-prop@5.3.0 want: ^2.0.0
293 timing idealTree:node_modules/dot-prop Completed in 2ms
294 timing idealTree:node_modules/graceful-fs Completed in 0ms
295 timing idealTree:node_modules/has-yarn Completed in 0ms
296 timing idealTree:node_modules/import-lazy Completed in 0ms
297 silly placeDep ROOT ci-info@2.0.0 OK for: is-ci@2.0.0 want: ^2.0.0
298 timing idealTree:node_modules/is-ci Completed in 2ms
299 timing idealTree:node_modules/ci-info Completed in 0ms
300 silly placeDep ROOT global-dirs@3.0.0 OK for: is-installed-globally@0.4.0 want: ^3.0.0
301 silly placeDep ROOT is-path-inside@3.0.3 OK for: is-installed-globally@0.4.0 want: ^3.0.2
302 silly fetch manifest ini@2.0.0
303 http fetch GET 200 https://registry.npmjs.org/ini 73ms (cache miss)
304 timing idealTree:node_modules/is-installed-globally Completed in 78ms
305 silly placeDep ROOT ini@2.0.0 OK for: global-dirs@3.0.0 want: 2.0.0
306 timing idealTree:node_modules/global-dirs Completed in 3ms
307 timing idealTree:node_modules/ini Completed in 0ms
308 timing idealTree:node_modules/is-npm Completed in 0ms
309 timing idealTree:node_modules/is-obj Completed in 0ms
310 timing idealTree:node_modules/is-path-inside Completed in 0ms
311 timing idealTree:node_modules/is-yarn-global Completed in 0ms
312 silly placeDep ROOT package-json@6.5.0 OK for: latest-version@5.1.0 want: ^6.3.0
313 silly fetch manifest got@^9.6.0
314 silly fetch manifest registry-auth-token@^4.0.0
315 silly fetch manifest registry-url@^5.0.0
316 silly fetch manifest semver@^6.2.0
317 http fetch GET 200 https://registry.npmjs.org/registry-url 71ms (cache miss)
318 http fetch GET 200 https://registry.npmjs.org/registry-auth-token 77ms (cache miss)
319 http fetch GET 200 https://registry.npmjs.org/got 95ms (cache miss)
320 timing idealTree:node_modules/latest-version Completed in 112ms
321 silly placeDep node_modules/make-dir semver@6.3.0 OK for: make-dir@3.1.0 want: ^6.0.0
322 timing idealTree:node_modules/make-dir Completed in 3ms
323 silly placeDep ROOT got@9.6.0 OK for: package-json@6.5.0 want: ^9.6.0
324 silly placeDep ROOT registry-auth-token@4.2.1 OK for: package-json@6.5.0 want: ^4.0.0
325 silly placeDep ROOT registry-url@5.1.0 OK for: package-json@6.5.0 want: ^5.0.0
326 silly placeDep node_modules/package-json semver@6.3.0 OK for: package-json@6.5.0 want: ^6.2.0
327 silly fetch manifest @sindresorhus/is@^0.14.0
328 silly fetch manifest @szmarczak/http-timer@^1.1.2
329 silly fetch manifest cacheable-request@^6.0.0
330 silly fetch manifest decompress-response@^3.3.0
331 silly fetch manifest duplexer3@^0.1.4
332 silly fetch manifest get-stream@^4.1.0
333 silly fetch manifest lowercase-keys@^1.0.1
334 silly fetch manifest mimic-response@^1.0.1
335 silly fetch manifest p-cancelable@^1.0.0
336 silly fetch manifest to-readable-stream@^1.0.0
337 silly fetch manifest url-parse-lax@^3.0.0
338 silly fetch manifest rc@^1.2.8
339 http fetch GET 200 https://registry.npmjs.org/url-parse-lax 109ms (cache miss)
340 http fetch GET 200 https://registry.npmjs.org/duplexer3 135ms (cache miss)
341 http fetch GET 200 https://registry.npmjs.org/lowercase-keys 137ms (cache miss)
342 http fetch GET 200 https://registry.npmjs.org/get-stream 147ms (cache miss)
343 http fetch GET 200 https://registry.npmjs.org/to-readable-stream 147ms (cache miss)
344 http fetch GET 200 https://registry.npmjs.org/decompress-response 173ms (cache miss)
345 http fetch GET 200 https://registry.npmjs.org/cacheable-request 185ms (cache miss)
346 http fetch GET 200 https://registry.npmjs.org/p-cancelable 183ms (cache miss)
347 http fetch GET 200 https://registry.npmjs.org/mimic-response 188ms (cache miss)
348 http fetch GET 200 https://registry.npmjs.org/rc 184ms (cache miss)
349 http fetch GET 200 https://registry.npmjs.org/@sindresorhus%2fis 210ms (cache miss)
350 http fetch GET 200 https://registry.npmjs.org/@szmarczak%2fhttp-timer 238ms (cache miss)
351 timing idealTree:node_modules/package-json Completed in 252ms
352 silly placeDep ROOT @sindresorhus/is@0.14.0 OK for: got@9.6.0 want: ^0.14.0
353 silly placeDep ROOT @szmarczak/http-timer@1.1.2 OK for: got@9.6.0 want: ^1.1.2
354 silly placeDep ROOT cacheable-request@6.1.0 OK for: got@9.6.0 want: ^6.0.0
355 silly placeDep ROOT decompress-response@3.3.0 OK for: got@9.6.0 want: ^3.3.0
356 silly placeDep ROOT duplexer3@0.1.4 OK for: got@9.6.0 want: ^0.1.4
357 silly placeDep ROOT get-stream@4.1.0 OK for: got@9.6.0 want: ^4.1.0
358 silly placeDep ROOT lowercase-keys@1.0.1 OK for: got@9.6.0 want: ^1.0.1
359 silly placeDep ROOT mimic-response@1.0.1 OK for: got@9.6.0 want: ^1.0.1
360 silly placeDep ROOT p-cancelable@1.1.0 OK for: got@9.6.0 want: ^1.0.0
361 silly placeDep ROOT to-readable-stream@1.0.0 OK for: got@9.6.0 want: ^1.0.0
362 silly placeDep ROOT url-parse-lax@3.0.0 OK for: got@9.6.0 want: ^3.0.0
363 silly fetch manifest defer-to-connect@^1.0.1
364 silly fetch manifest clone-response@^1.0.2
365 silly fetch manifest get-stream@^5.1.0
366 silly fetch manifest http-cache-semantics@^4.0.0
367 silly fetch manifest keyv@^3.0.0
368 silly fetch manifest lowercase-keys@^2.0.0
369 silly fetch manifest normalize-url@^4.1.0
370 silly fetch manifest responselike@^1.0.2
371 silly fetch manifest pump@^3.0.0
372 silly fetch manifest prepend-http@^2.0.0
373 http fetch GET 200 https://registry.npmjs.org/clone-response 82ms (cache miss)
374 http fetch GET 200 https://registry.npmjs.org/pump 105ms (cache miss)
375 http fetch GET 200 https://registry.npmjs.org/defer-to-connect 115ms (cache miss)
376 http fetch GET 200 https://registry.npmjs.org/http-cache-semantics 114ms (cache miss)
377 http fetch GET 200 https://registry.npmjs.org/keyv 115ms (cache miss)
378 http fetch GET 200 https://registry.npmjs.org/normalize-url 119ms (cache miss)
379 http fetch GET 200 https://registry.npmjs.org/responselike 130ms (cache miss)
380 http fetch GET 200 https://registry.npmjs.org/prepend-http 921ms (cache miss)
381 timing idealTree:node_modules/got Completed in 954ms
382 timing idealTree:node_modules/@sindresorhus/is Completed in 0ms
383 silly placeDep ROOT defer-to-connect@1.1.3 OK for: @szmarczak/http-timer@1.1.2 want: ^1.0.1
384 timing idealTree:node_modules/@szmarczak/http-timer Completed in 3ms
385 silly placeDep ROOT clone-response@1.0.2 OK for: cacheable-request@6.1.0 want: ^1.0.2
386 silly placeDep node_modules/cacheable-request get-stream@5.2.0 OK for: cacheable-request@6.1.0 want: ^5.1.0
387 silly placeDep ROOT http-cache-semantics@4.1.0 OK for: cacheable-request@6.1.0 want: ^4.0.0
388 silly placeDep ROOT keyv@3.1.0 OK for: cacheable-request@6.1.0 want: ^3.0.0
389 silly placeDep node_modules/cacheable-request lowercase-keys@2.0.0 OK for: cacheable-request@6.1.0 want: ^2.0.0
390 silly placeDep ROOT normalize-url@4.5.1 OK for: cacheable-request@6.1.0 want: ^4.1.0
391 silly placeDep ROOT responselike@1.0.2 OK for: cacheable-request@6.1.0 want: ^1.0.2
392 silly fetch manifest json-buffer@3.0.0
393 http fetch GET 200 https://registry.npmjs.org/json-buffer 83ms (cache miss)
394 timing idealTree:node_modules/cacheable-request Completed in 101ms
395 timing idealTree:node_modules/clone-response Completed in 0ms
396 timing idealTree:node_modules/decompress-response Completed in 0ms
397 timing idealTree:node_modules/defer-to-connect Completed in 0ms
398 timing idealTree:node_modules/duplexer3 Completed in 0ms
399 silly placeDep ROOT pump@3.0.0 OK for: get-stream@4.1.0 want: ^3.0.0
400 silly fetch manifest end-of-stream@^1.1.0
401 silly fetch manifest once@^1.3.1
402 http fetch GET 200 https://registry.npmjs.org/end-of-stream 73ms (cache miss)
403 http fetch GET 200 https://registry.npmjs.org/once 72ms (cache miss)
404 timing idealTree:node_modules/get-stream Completed in 84ms
405 timing idealTree:node_modules/http-cache-semantics Completed in 0ms
406 silly placeDep ROOT json-buffer@3.0.0 OK for: keyv@3.1.0 want: 3.0.0
407 timing idealTree:node_modules/keyv Completed in 3ms
408 timing idealTree:node_modules/json-buffer Completed in 0ms
409 timing idealTree:node_modules/lowercase-keys Completed in 0ms
410 timing idealTree:node_modules/mimic-response Completed in 0ms
411 timing idealTree:node_modules/normalize-url Completed in 0ms
412 timing idealTree:node_modules/p-cancelable Completed in 1ms
413 silly placeDep ROOT end-of-stream@1.4.4 OK for: pump@3.0.0 want: ^1.1.0
414 silly placeDep ROOT once@1.4.0 OK for: pump@3.0.0 want: ^1.3.1
415 silly fetch manifest wrappy@1
416 http fetch GET 200 https://registry.npmjs.org/wrappy 85ms (cache miss)
417 timing idealTree:node_modules/pump Completed in 96ms
418 timing idealTree:node_modules/end-of-stream Completed in 0ms
419 silly placeDep ROOT wrappy@1.0.2 OK for: once@1.4.0 want: 1
420 timing idealTree:node_modules/once Completed in 2ms
421 silly placeDep ROOT escape-goat@2.1.1 OK for: pupa@2.1.1 want: ^2.0.0
422 timing idealTree:node_modules/pupa Completed in 2ms
423 timing idealTree:node_modules/escape-goat Completed in 0ms
424 silly placeDep ROOT rc@1.2.8 OK for: registry-auth-token@4.2.1 want: ^1.2.8
425 silly fetch manifest deep-extend@^0.6.0
426 silly fetch manifest ini@~1.3.0
427 silly fetch manifest minimist@^1.2.0
428 silly fetch manifest strip-json-comments@~2.0.1
429 http fetch GET 200 https://registry.npmjs.org/strip-json-comments 69ms (cache miss)
430 http fetch GET 200 https://registry.npmjs.org/minimist 85ms (cache miss)
431 http fetch GET 200 https://registry.npmjs.org/deep-extend 93ms (cache miss)
432 timing idealTree:node_modules/registry-auth-token Completed in 98ms
433 silly placeDep ROOT deep-extend@0.6.0 OK for: rc@1.2.8 want: ^0.6.0
434 silly placeDep node_modules/rc ini@1.3.8 OK for: rc@1.2.8 want: ~1.3.0
435 silly placeDep ROOT minimist@1.2.5 OK for: rc@1.2.8 want: ^1.2.0
436 silly placeDep ROOT strip-json-comments@2.0.1 OK for: rc@1.2.8 want: ~2.0.1
437 timing idealTree:node_modules/rc Completed in 9ms
438 timing idealTree:node_modules/deep-extend Completed in 1ms
439 timing idealTree:node_modules/minimist Completed in 0ms
440 timing idealTree:node_modules/registry-url Completed in 0ms
441 timing idealTree:node_modules/responselike Completed in 0ms
442 silly placeDep node_modules/semver-diff semver@6.3.0 OK for: semver-diff@3.1.1 want: ^6.3.0
443 timing idealTree:node_modules/semver-diff Completed in 2ms
444 silly placeDep ROOT emoji-regex@8.0.0 OK for: string-width@4.2.3 want: ^8.0.0
445 silly placeDep ROOT is-fullwidth-code-point@3.0.0 OK for: string-width@4.2.3 want: ^3.0.0
446 silly placeDep ROOT strip-ansi@6.0.1 OK for: string-width@4.2.3 want: ^6.0.1
447 silly fetch manifest ansi-regex@^5.0.1
448 http fetch GET 200 https://registry.npmjs.org/ansi-regex 62ms (cache miss)
449 timing idealTree:node_modules/string-width Completed in 69ms
450 timing idealTree:node_modules/emoji-regex Completed in 0ms
451 timing idealTree:node_modules/is-fullwidth-code-point Completed in 0ms
452 silly placeDep ROOT ansi-regex@5.0.1 OK for: strip-ansi@6.0.1 want: ^5.0.1
453 timing idealTree:node_modules/strip-ansi Completed in 2ms
454 timing idealTree:node_modules/ansi-regex Completed in 0ms
455 timing idealTree:node_modules/strip-json-comments Completed in 0ms
456 timing idealTree:node_modules/to-readable-stream Completed in 0ms
457 timing idealTree:node_modules/type-fest Completed in 0ms
458 silly placeDep ROOT crypto-random-string@2.0.0 OK for: unique-string@2.0.0 want: ^2.0.0
459 timing idealTree:node_modules/unique-string Completed in 2ms
460 timing idealTree:node_modules/crypto-random-string Completed in 0ms
461 silly placeDep ROOT prepend-http@2.0.0 OK for: url-parse-lax@3.0.0 want: ^2.0.0
462 timing idealTree:node_modules/url-parse-lax Completed in 3ms
463 timing idealTree:node_modules/prepend-http Completed in 0ms
464 timing idealTree:node_modules/widest-line Completed in 0ms
465 timing idealTree:node_modules/wrap-ansi Completed in 0ms
466 timing idealTree:node_modules/wrappy Completed in 0ms
467 silly placeDep ROOT imurmurhash@0.1.4 OK for: write-file-atomic@3.0.3 want: ^0.1.4
468 silly placeDep ROOT is-typedarray@1.0.0 OK for: write-file-atomic@3.0.3 want: ^1.0.0
469 silly placeDep ROOT signal-exit@3.0.6 OK for: write-file-atomic@3.0.3 want: ^3.0.2
470 silly placeDep ROOT typedarray-to-buffer@3.1.5 OK for: write-file-atomic@3.0.3 want: ^3.1.5
471 timing idealTree:node_modules/write-file-atomic Completed in 11ms
472 timing idealTree:node_modules/imurmurhash Completed in 0ms
473 timing idealTree:node_modules/is-typedarray Completed in 0ms
474 timing idealTree:node_modules/signal-exit Completed in 0ms
475 timing idealTree:node_modules/typedarray-to-buffer Completed in 0ms
476 timing idealTree:node_modules/xdg-basedir Completed in 0ms
477 timing idealTree:node_modules/cacheable-request/node_modules/get-stream Completed in 0ms
478 timing idealTree:node_modules/cacheable-request/node_modules/lowercase-keys Completed in 0ms
479 silly placeDep node_modules/chalk has-flag@4.0.0 OK for: supports-color@7.2.0 want: ^4.0.0
480 timing idealTree:node_modules/chalk/node_modules/supports-color Completed in 3ms
481 timing idealTree:node_modules/chalk/node_modules/has-flag Completed in 0ms
482 timing idealTree:node_modules/make-dir/node_modules/semver Completed in 0ms
483 silly placeDep node_modules/nodemon ms@2.1.3 OK for: debug@3.2.7 want: ^2.1.1
484 timing idealTree:node_modules/nodemon/node_modules/debug Completed in 3ms
485 timing idealTree:node_modules/nodemon/node_modules/ms Completed in 0ms
486 timing idealTree:node_modules/package-json/node_modules/semver Completed in 0ms
487 timing idealTree:node_modules/rc/node_modules/ini Completed in 0ms
488 timing idealTree:node_modules/semver-diff/node_modules/semver Completed in 0ms
489 silly placeDep ROOT lru-cache@6.0.0 OK for: semver@7.3.5 want: ^6.0.0
490 silly fetch manifest yallist@^4.0.0
491 http fetch GET 200 https://registry.npmjs.org/yallist 71ms (cache miss)
492 timing idealTree:node_modules/update-notifier/node_modules/semver Completed in 76ms
493 silly placeDep ROOT yallist@4.0.0 OK for: lru-cache@6.0.0 want: ^4.0.0
494 timing idealTree:node_modules/lru-cache Completed in 3ms
495 timing idealTree:node_modules/yallist Completed in 0ms
496 timing idealTree:buildDeps Completed in 4484ms
497 timing idealTree:fixDepFlags Completed in 5ms
498 timing idealTree Completed in 4605ms
499 timing reify:loadTrees Completed in 4606ms
500 timing reify:diffTrees Completed in 12ms
501 silly reify moves {}
502 timing reify:retireShallow Completed in 1ms
503 timing reify:createSparse Completed in 60ms
504 timing reify:loadBundles Completed in 0ms
505 silly audit bulk request {
505 silly audit   accepts: [ '1.3.7' ],
505 silly audit   'array-flatten': [ '1.1.1' ],
505 silly audit   'body-parser': [ '1.19.1' ],
505 silly audit   bytes: [ '3.1.1' ],
505 silly audit   'content-disposition': [ '0.5.4' ],
505 silly audit   'content-type': [ '1.0.4' ],
505 silly audit   cookie: [ '0.4.1' ],
505 silly audit   'cookie-signature': [ '1.0.6' ],
505 silly audit   debug: [ '2.6.9', '3.2.7' ],
505 silly audit   depd: [ '1.1.2' ],
505 silly audit   destroy: [ '1.0.4' ],
505 silly audit   'ee-first': [ '1.1.1' ],
505 silly audit   encodeurl: [ '1.0.2' ],
505 silly audit   'escape-html': [ '1.0.3' ],
505 silly audit   etag: [ '1.8.1' ],
505 silly audit   express: [ '4.17.2' ],
505 silly audit   finalhandler: [ '1.1.2' ],
505 silly audit   forwarded: [ '0.2.0' ],
505 silly audit   fresh: [ '0.5.2' ],
505 silly audit   'http-errors': [ '1.8.1' ],
505 silly audit   'iconv-lite': [ '0.4.24' ],
505 silly audit   inherits: [ '2.0.4' ],
505 silly audit   'ipaddr.js': [ '1.9.1' ],
505 silly audit   'media-typer': [ '0.3.0' ],
505 silly audit   'merge-descriptors': [ '1.0.1' ],
505 silly audit   methods: [ '1.1.2' ],
505 silly audit   mime: [ '1.6.0' ],
505 silly audit   'mime-db': [ '1.51.0' ],
505 silly audit   'mime-types': [ '2.1.34' ],
505 silly audit   ms: [ '2.0.0', '2.1.3' ],
505 silly audit   negotiator: [ '0.6.2' ],
505 silly audit   'on-finished': [ '2.3.0' ],
505 silly audit   parseurl: [ '1.3.3' ],
505 silly audit   'path-to-regexp': [ '0.1.7' ],
505 silly audit   'proxy-addr': [ '2.0.7' ],
505 silly audit   qs: [ '6.9.6' ],
505 silly audit   'range-parser': [ '1.2.1' ],
505 silly audit   'raw-body': [ '2.4.2' ],
505 silly audit   'safe-buffer': [ '5.2.1' ],
505 silly audit   'safer-buffer': [ '2.1.2' ],
505 silly audit   send: [ '0.17.2' ],
505 silly audit   'serve-static': [ '1.14.2' ],
505 silly audit   setprototypeof: [ '1.2.0' ],
505 silly audit   statuses: [ '1.5.0' ],
505 silly audit   toidentifier: [ '1.0.1' ],
505 silly audit   'type-is': [ '1.6.18' ],
505 silly audit   unpipe: [ '1.0.0' ],
505 silly audit   'utils-merge': [ '1.0.1' ],
505 silly audit   vary: [ '1.1.2' ],
505 silly audit   nodemon: [ '2.0.15' ],
505 silly audit   chokidar: [ '3.5.2' ],
505 silly audit   'ignore-by-default': [ '1.0.1' ],
505 silly audit   minimatch: [ '3.0.4' ],
505 silly audit   'pstree.remy': [ '1.1.8' ],
505 silly audit   semver: [ '5.7.1', '7.3.5', '6.3.0' ],
505 silly audit   'supports-color': [ '5.5.0', '7.2.0' ],
505 silly audit   touch: [ '3.1.0' ],
505 silly audit   undefsafe: [ '2.0.5' ],
505 silly audit   'update-notifier': [ '5.1.0' ],
505 silly audit   anymatch: [ '3.1.2' ],
505 silly audit   braces: [ '3.0.2' ],
505 silly audit   fsevents: [ '2.3.2' ],
505 silly audit   'glob-parent': [ '5.1.2' ],
505 silly audit   'is-binary-path': [ '2.1.0' ],
505 silly audit   'is-glob': [ '4.0.3' ],
505 silly audit   'normalize-path': [ '3.0.0' ],
505 silly audit   readdirp: [ '3.6.0' ],
505 silly audit   picomatch: [ '2.3.1' ],
505 silly audit   'fill-range': [ '7.0.1' ],
505 silly audit   'to-regex-range': [ '5.0.1' ],
505 silly audit   'binary-extensions': [ '2.2.0' ],
505 silly audit   'is-extglob': [ '2.1.1' ],
505 silly audit   'brace-expansion': [ '1.1.11' ],
505 silly audit   'balanced-match': [ '1.0.2' ],
505 silly audit   'concat-map': [ '0.0.1' ],
505 silly audit   'has-flag': [ '3.0.0', '4.0.0' ],
505 silly audit   'is-number': [ '7.0.0' ],
505 silly audit   nopt: [ '1.0.10' ],
505 silly audit   abbrev: [ '1.1.1' ],
505 silly audit   boxen: [ '5.1.2' ],
505 silly audit   chalk: [ '4.1.2' ],
505 silly audit   configstore: [ '5.0.1' ],
505 silly audit   'has-yarn': [ '2.1.0' ],
505 silly audit   'import-lazy': [ '2.1.0' ],
505 silly audit   'is-ci': [ '2.0.0' ],
505 silly audit   'is-installed-globally': [ '0.4.0' ],
505 silly audit   'is-npm': [ '5.0.0' ],
505 silly audit   'is-yarn-global': [ '0.3.0' ],
505 silly audit   'latest-version': [ '5.1.0' ],
505 silly audit   pupa: [ '2.1.1' ],
505 silly audit   'semver-diff': [ '3.1.1' ],
505 silly audit   'xdg-basedir': [ '4.0.0' ],
505 silly audit   'ansi-align': [ '3.0.1' ],
505 silly audit   camelcase: [ '6.3.0' ],
505 silly audit   'cli-boxes': [ '2.2.1' ],
505 silly audit   'string-width': [ '4.2.3' ],
505 silly audit   'type-fest': [ '0.20.2' ],
505 silly audit   'widest-line': [ '3.1.0' ],
505 silly audit   'wrap-ansi': [ '7.0.0' ],
505 silly audit   'ansi-styles': [ '4.3.0' ],
505 silly audit   'color-convert': [ '2.0.1' ],
505 silly audit   'color-name': [ '1.1.4' ],
505 silly audit   'dot-prop': [ '5.3.0' ],
505 silly audit   'graceful-fs': [ '4.2.9' ],
505 silly audit   'make-dir': [ '3.1.0' ],
505 silly audit   'unique-string': [ '2.0.0' ],
505 silly audit   'write-file-atomic': [ '3.0.3' ],
505 silly audit   'is-obj': [ '2.0.0' ],
505 silly audit   'ci-info': [ '2.0.0' ],
505 silly audit   'global-dirs': [ '3.0.0' ],
505 silly audit   'is-path-inside': [ '3.0.3' ],
505 silly audit   ini: [ '2.0.0', '1.3.8' ],
505 silly audit   'package-json': [ '6.5.0' ],
505 silly audit   got: [ '9.6.0' ],
505 silly audit   'registry-auth-token': [ '4.2.1' ],
505 silly audit   'registry-url': [ '5.1.0' ],
505 silly audit   '@sindresorhus/is': [ '0.14.0' ],
505 silly audit   '@szmarczak/http-timer': [ '1.1.2' ],
505 silly audit   'cacheable-request': [ '6.1.0' ],
505 silly audit   'decompress-response': [ '3.3.0' ],
505 silly audit   duplexer3: [ '0.1.4' ],
505 silly audit   'get-stream': [ '4.1.0', '5.2.0' ],
505 silly audit   'lowercase-keys': [ '1.0.1', '2.0.0' ],
505 silly audit   'mimic-response': [ '1.0.1' ],
505 silly audit   'p-cancelable': [ '1.1.0' ],
505 silly audit   'to-readable-stream': [ '1.0.0' ],
505 silly audit   'url-parse-lax': [ '3.0.0' ],
505 silly audit   'defer-to-connect': [ '1.1.3' ],
505 silly audit   'clone-response': [ '1.0.2' ],
505 silly audit   'http-cache-semantics': [ '4.1.0' ],
505 silly audit   keyv: [ '3.1.0' ],
505 silly audit   'normalize-url': [ '4.5.1' ],
505 silly audit   responselike: [ '1.0.2' ],
505 silly audit   pump: [ '3.0.0' ],
505 silly audit   'json-buffer': [ '3.0.0' ],
505 silly audit   'end-of-stream': [ '1.4.4' ],
505 silly audit   once: [ '1.4.0' ],
505 silly audit   wrappy: [ '1.0.2' ],
505 silly audit   'escape-goat': [ '2.1.1' ],
505 silly audit   rc: [ '1.2.8' ],
505 silly audit   'deep-extend': [ '0.6.0' ],
505 silly audit   minimist: [ '1.2.5' ],
505 silly audit   'strip-json-comments': [ '2.0.1' ],
505 silly audit   'emoji-regex': [ '8.0.0' ],
505 silly audit   'is-fullwidth-code-point': [ '3.0.0' ],
505 silly audit   'strip-ansi': [ '6.0.1' ],
505 silly audit   'ansi-regex': [ '5.0.1' ],
505 silly audit   'crypto-random-string': [ '2.0.0' ],
505 silly audit   'prepend-http': [ '2.0.0' ],
505 silly audit   imurmurhash: [ '0.1.4' ],
505 silly audit   'is-typedarray': [ '1.0.0' ],
505 silly audit   'signal-exit': [ '3.0.6' ],
505 silly audit   'typedarray-to-buffer': [ '3.1.5' ],
505 silly audit   'lru-cache': [ '6.0.0' ],
505 silly audit   yallist: [ '4.0.0' ]
505 silly audit }
506 verbose reify failed optional dependency C:\Users\Victor de flos\Dropbox\PC\Desktop\REST_API\node_modules\fsevents
507 silly reify mark deleted [
507 silly reify   'C:\\Users\\Victor de flos\\Dropbox\\PC\\Desktop\\REST_API\\node_modules\\fsevents'
507 silly reify ]
508 timing reifyNode:node_modules/fsevents Completed in 46ms
509 silly tarball no local data for yallist@https://registry.npmjs.org/yallist/-/yallist-4.0.0.tgz. Extracting by manifest.
510 silly tarball no local data for lru-cache@https://registry.npmjs.org/lru-cache/-/lru-cache-6.0.0.tgz. Extracting by manifest.
511 silly tarball no local data for signal-exit@https://registry.npmjs.org/signal-exit/-/signal-exit-3.0.6.tgz. Extracting by manifest.
512 silly tarball no local data for typedarray-to-buffer@https://registry.npmjs.org/typedarray-to-buffer/-/typedarray-to-buffer-3.1.5.tgz. Extracting by manifest.
513 silly tarball no local data for is-typedarray@https://registry.npmjs.org/is-typedarray/-/is-typedarray-1.0.0.tgz. Extracting by manifest.
514 silly tarball no local data for imurmurhash@https://registry.npmjs.org/imurmurhash/-/imurmurhash-0.1.4.tgz. Extracting by manifest.
515 silly tarball no local data for prepend-http@https://registry.npmjs.org/prepend-http/-/prepend-http-2.0.0.tgz. Extracting by manifest.
516 silly tarball no local data for crypto-random-string@https://registry.npmjs.org/crypto-random-string/-/crypto-random-string-2.0.0.tgz. Extracting by manifest.
517 silly tarball no local data for ansi-regex@https://registry.npmjs.org/ansi-regex/-/ansi-regex-5.0.1.tgz. Extracting by manifest.
518 silly tarball no local data for strip-ansi@https://registry.npmjs.org/strip-ansi/-/strip-ansi-6.0.1.tgz. Extracting by manifest.
519 silly tarball no local data for is-fullwidth-code-point@https://registry.npmjs.org/is-fullwidth-code-point/-/is-fullwidth-code-point-3.0.0.tgz. Extracting by manifest.
520 silly tarball no local data for emoji-regex@https://registry.npmjs.org/emoji-regex/-/emoji-regex-8.0.0.tgz. Extracting by manifest.
521 silly tarball no local data for strip-json-comments@https://registry.npmjs.org/strip-json-comments/-/strip-json-comments-2.0.1.tgz. Extracting by manifest.
522 silly tarball no local data for minimist@https://registry.npmjs.org/minimist/-/minimist-1.2.5.tgz. Extracting by manifest.
523 silly tarball no local data for deep-extend@https://registry.npmjs.org/deep-extend/-/deep-extend-0.6.0.tgz. Extracting by manifest.
524 silly tarball no local data for rc@https://registry.npmjs.org/rc/-/rc-1.2.8.tgz. Extracting by manifest.
525 silly tarball no local data for escape-goat@https://registry.npmjs.org/escape-goat/-/escape-goat-2.1.1.tgz. Extracting by manifest.
526 silly tarball no local data for wrappy@https://registry.npmjs.org/wrappy/-/wrappy-1.0.2.tgz. Extracting by manifest.
527 silly tarball no local data for once@https://registry.npmjs.org/once/-/once-1.4.0.tgz. Extracting by manifest.
528 silly tarball no local data for end-of-stream@https://registry.npmjs.org/end-of-stream/-/end-of-stream-1.4.4.tgz. Extracting by manifest.
529 silly tarball no local data for json-buffer@https://registry.npmjs.org/json-buffer/-/json-buffer-3.0.0.tgz. Extracting by manifest.
530 silly tarball no local data for pump@https://registry.npmjs.org/pump/-/pump-3.0.0.tgz. Extracting by manifest.
531 silly tarball no local data for responselike@https://registry.npmjs.org/responselike/-/responselike-1.0.2.tgz. Extracting by manifest.
532 silly tarball no local data for normalize-url@https://registry.npmjs.org/normalize-url/-/normalize-url-4.5.1.tgz. Extracting by manifest.
533 silly tarball no local data for keyv@https://registry.npmjs.org/keyv/-/keyv-3.1.0.tgz. Extracting by manifest.
534 silly tarball no local data for http-cache-semantics@https://registry.npmjs.org/http-cache-semantics/-/http-cache-semantics-4.1.0.tgz. Extracting by manifest.
535 silly tarball no local data for clone-response@https://registry.npmjs.org/clone-response/-/clone-response-1.0.2.tgz. Extracting by manifest.
536 silly tarball no local data for defer-to-connect@https://registry.npmjs.org/defer-to-connect/-/defer-to-connect-1.1.3.tgz. Extracting by manifest.
537 silly tarball no local data for url-parse-lax@https://registry.npmjs.org/url-parse-lax/-/url-parse-lax-3.0.0.tgz. Extracting by manifest.
538 silly tarball no local data for to-readable-stream@https://registry.npmjs.org/to-readable-stream/-/to-readable-stream-1.0.0.tgz. Extracting by manifest.
539 silly tarball no local data for p-cancelable@https://registry.npmjs.org/p-cancelable/-/p-cancelable-1.1.0.tgz. Extracting by manifest.
540 silly tarball no local data for mimic-response@https://registry.npmjs.org/mimic-response/-/mimic-response-1.0.1.tgz. Extracting by manifest.
541 silly tarball no local data for lowercase-keys@https://registry.npmjs.org/lowercase-keys/-/lowercase-keys-1.0.1.tgz. Extracting by manifest.
542 silly tarball no local data for get-stream@https://registry.npmjs.org/get-stream/-/get-stream-4.1.0.tgz. Extracting by manifest.
543 silly tarball no local data for duplexer3@https://registry.npmjs.org/duplexer3/-/duplexer3-0.1.4.tgz. Extracting by manifest.
544 silly tarball no local data for decompress-response@https://registry.npmjs.org/decompress-response/-/decompress-response-3.3.0.tgz. Extracting by manifest.
545 silly tarball no local data for cacheable-request@https://registry.npmjs.org/cacheable-request/-/cacheable-request-6.1.0.tgz. Extracting by manifest.
546 silly tarball no local data for @szmarczak/http-timer@https://registry.npmjs.org/@szmarczak/http-timer/-/http-timer-1.1.2.tgz. Extracting by manifest.
547 silly tarball no local data for @sindresorhus/is@https://registry.npmjs.org/@sindresorhus/is/-/is-0.14.0.tgz. Extracting by manifest.
548 silly tarball no local data for registry-url@https://registry.npmjs.org/registry-url/-/registry-url-5.1.0.tgz. Extracting by manifest.
549 silly tarball no local data for got@https://registry.npmjs.org/got/-/got-9.6.0.tgz. Extracting by manifest.
550 silly tarball no local data for registry-auth-token@https://registry.npmjs.org/registry-auth-token/-/registry-auth-token-4.2.1.tgz. Extracting by manifest.
551 silly tarball no local data for package-json@https://registry.npmjs.org/package-json/-/package-json-6.5.0.tgz. Extracting by manifest.
552 silly tarball no local data for ini@https://registry.npmjs.org/ini/-/ini-2.0.0.tgz. Extracting by manifest.
553 silly tarball no local data for is-path-inside@https://registry.npmjs.org/is-path-inside/-/is-path-inside-3.0.3.tgz. Extracting by manifest.
554 silly tarball no local data for global-dirs@https://registry.npmjs.org/global-dirs/-/global-dirs-3.0.0.tgz. Extracting by manifest.
555 silly tarball no local data for ci-info@https://registry.npmjs.org/ci-info/-/ci-info-2.0.0.tgz. Extracting by manifest.
556 silly tarball no local data for is-obj@https://registry.npmjs.org/is-obj/-/is-obj-2.0.0.tgz. Extracting by manifest.
557 silly tarball no local data for write-file-atomic@https://registry.npmjs.org/write-file-atomic/-/write-file-atomic-3.0.3.tgz. Extracting by manifest.
558 silly tarball no local data for unique-string@https://registry.npmjs.org/unique-string/-/unique-string-2.0.0.tgz. Extracting by manifest.
559 silly tarball no local data for make-dir@https://registry.npmjs.org/make-dir/-/make-dir-3.1.0.tgz. Extracting by manifest.
560 silly tarball no local data for graceful-fs@https://registry.npmjs.org/graceful-fs/-/graceful-fs-4.2.9.tgz. Extracting by manifest.
561 silly tarball no local data for dot-prop@https://registry.npmjs.org/dot-prop/-/dot-prop-5.3.0.tgz. Extracting by manifest.
562 silly tarball no local data for color-name@https://registry.npmjs.org/color-name/-/color-name-1.1.4.tgz. Extracting by manifest.
563 silly tarball no local data for color-convert@https://registry.npmjs.org/color-convert/-/color-convert-2.0.1.tgz. Extracting by manifest.
564 silly tarball no local data for ansi-styles@https://registry.npmjs.org/ansi-styles/-/ansi-styles-4.3.0.tgz. Extracting by manifest.
565 silly tarball no local data for wrap-ansi@https://registry.npmjs.org/wrap-ansi/-/wrap-ansi-7.0.0.tgz. Extracting by manifest.
566 silly tarball no local data for widest-line@https://registry.npmjs.org/widest-line/-/widest-line-3.1.0.tgz. Extracting by manifest.
567 silly tarball no local data for type-fest@https://registry.npmjs.org/type-fest/-/type-fest-0.20.2.tgz. Extracting by manifest.
568 silly tarball no local data for string-width@https://registry.npmjs.org/string-width/-/string-width-4.2.3.tgz. Extracting by manifest.
569 silly tarball no local data for cli-boxes@https://registry.npmjs.org/cli-boxes/-/cli-boxes-2.2.1.tgz. Extracting by manifest.
570 silly tarball no local data for camelcase@https://registry.npmjs.org/camelcase/-/camelcase-6.3.0.tgz. Extracting by manifest.
571 silly tarball no local data for ansi-align@https://registry.npmjs.org/ansi-align/-/ansi-align-3.0.1.tgz. Extracting by manifest.
572 silly tarball no local data for xdg-basedir@https://registry.npmjs.org/xdg-basedir/-/xdg-basedir-4.0.0.tgz. Extracting by manifest.
573 silly tarball no local data for semver-diff@https://registry.npmjs.org/semver-diff/-/semver-diff-3.1.1.tgz. Extracting by manifest.
574 silly tarball no local data for pupa@https://registry.npmjs.org/pupa/-/pupa-2.1.1.tgz. Extracting by manifest.
575 silly tarball no local data for latest-version@https://registry.npmjs.org/latest-version/-/latest-version-5.1.0.tgz. Extracting by manifest.
576 silly tarball no local data for is-yarn-global@https://registry.npmjs.org/is-yarn-global/-/is-yarn-global-0.3.0.tgz. Extracting by manifest.
577 silly tarball no local data for is-npm@https://registry.npmjs.org/is-npm/-/is-npm-5.0.0.tgz. Extracting by manifest.
578 silly tarball no local data for is-ci@https://registry.npmjs.org/is-ci/-/is-ci-2.0.0.tgz. Extracting by manifest.
579 silly tarball no local data for is-installed-globally@https://registry.npmjs.org/is-installed-globally/-/is-installed-globally-0.4.0.tgz. Extracting by manifest.
580 silly tarball no local data for import-lazy@https://registry.npmjs.org/import-lazy/-/import-lazy-2.1.0.tgz. Extracting by manifest.
581 silly tarball no local data for has-yarn@https://registry.npmjs.org/has-yarn/-/has-yarn-2.1.0.tgz. Extracting by manifest.
582 silly tarball no local data for configstore@https://registry.npmjs.org/configstore/-/configstore-5.0.1.tgz. Extracting by manifest.
583 silly tarball no local data for chalk@https://registry.npmjs.org/chalk/-/chalk-4.1.2.tgz. Extracting by manifest.
584 silly tarball no local data for boxen@https://registry.npmjs.org/boxen/-/boxen-5.1.2.tgz. Extracting by manifest.
585 silly tarball no local data for abbrev@https://registry.npmjs.org/abbrev/-/abbrev-1.1.1.tgz. Extracting by manifest.
586 silly tarball no local data for nopt@https://registry.npmjs.org/nopt/-/nopt-1.0.10.tgz. Extracting by manifest.
587 silly tarball no local data for is-number@https://registry.npmjs.org/is-number/-/is-number-7.0.0.tgz. Extracting by manifest.
588 silly tarball no local data for has-flag@https://registry.npmjs.org/has-flag/-/has-flag-3.0.0.tgz. Extracting by manifest.
589 silly tarball no local data for concat-map@https://registry.npmjs.org/concat-map/-/concat-map-0.0.1.tgz. Extracting by manifest.
590 silly tarball no local data for balanced-match@https://registry.npmjs.org/balanced-match/-/balanced-match-1.0.2.tgz. Extracting by manifest.
591 silly tarball no local data for brace-expansion@https://registry.npmjs.org/brace-expansion/-/brace-expansion-1.1.11.tgz. Extracting by manifest.
592 silly tarball no local data for is-extglob@https://registry.npmjs.org/is-extglob/-/is-extglob-2.1.1.tgz. Extracting by manifest.
593 silly tarball no local data for binary-extensions@https://registry.npmjs.org/binary-extensions/-/binary-extensions-2.2.0.tgz. Extracting by manifest.
594 silly tarball no local data for to-regex-range@https://registry.npmjs.org/to-regex-range/-/to-regex-range-5.0.1.tgz. Extracting by manifest.
595 silly tarball no local data for fill-range@https://registry.npmjs.org/fill-range/-/fill-range-7.0.1.tgz. Extracting by manifest.
596 silly tarball no local data for picomatch@https://registry.npmjs.org/picomatch/-/picomatch-2.3.1.tgz. Extracting by manifest.
597 silly tarball no local data for readdirp@https://registry.npmjs.org/readdirp/-/readdirp-3.6.0.tgz. Extracting by manifest.
598 silly tarball no local data for normalize-path@https://registry.npmjs.org/normalize-path/-/normalize-path-3.0.0.tgz. Extracting by manifest.
599 silly tarball no local data for is-glob@https://registry.npmjs.org/is-glob/-/is-glob-4.0.3.tgz. Extracting by manifest.
600 silly tarball no local data for is-binary-path@https://registry.npmjs.org/is-binary-path/-/is-binary-path-2.1.0.tgz. Extracting by manifest.
601 silly tarball no local data for glob-parent@https://registry.npmjs.org/glob-parent/-/glob-parent-5.1.2.tgz. Extracting by manifest.
602 silly tarball no local data for braces@https://registry.npmjs.org/braces/-/braces-3.0.2.tgz. Extracting by manifest.
603 silly tarball no local data for anymatch@https://registry.npmjs.org/anymatch/-/anymatch-3.1.2.tgz. Extracting by manifest.
604 silly tarball no local data for undefsafe@https://registry.npmjs.org/undefsafe/-/undefsafe-2.0.5.tgz. Extracting by manifest.
605 silly tarball no local data for update-notifier@https://registry.npmjs.org/update-notifier/-/update-notifier-5.1.0.tgz. Extracting by manifest.
606 silly tarball no local data for touch@https://registry.npmjs.org/touch/-/touch-3.1.0.tgz. Extracting by manifest.
607 silly tarball no local data for pstree.remy@https://registry.npmjs.org/pstree.remy/-/pstree.remy-1.1.8.tgz. Extracting by manifest.
608 silly tarball no local data for supports-color@https://registry.npmjs.org/supports-color/-/supports-color-5.5.0.tgz. Extracting by manifest.
609 silly tarball no local data for semver@https://registry.npmjs.org/semver/-/semver-5.7.1.tgz. Extracting by manifest.
610 silly tarball no local data for minimatch@https://registry.npmjs.org/minimatch/-/minimatch-3.0.4.tgz. Extracting by manifest.
611 silly tarball no local data for ignore-by-default@https://registry.npmjs.org/ignore-by-default/-/ignore-by-default-1.0.1.tgz. Extracting by manifest.
612 silly tarball no local data for chokidar@https://registry.npmjs.org/chokidar/-/chokidar-3.5.2.tgz. Extracting by manifest.
613 silly tarball no local data for nodemon@https://registry.npmjs.org/nodemon/-/nodemon-2.0.15.tgz. Extracting by manifest.
614 silly tarball no local data for ini@https://registry.npmjs.org/ini/-/ini-1.3.8.tgz. Extracting by manifest.
615 silly tarball no local data for lowercase-keys@https://registry.npmjs.org/lowercase-keys/-/lowercase-keys-2.0.0.tgz. Extracting by manifest.
616 silly tarball no local data for semver@https://registry.npmjs.org/semver/-/semver-6.3.0.tgz. Extracting by manifest.
617 silly tarball no local data for get-stream@https://registry.npmjs.org/get-stream/-/get-stream-5.2.0.tgz. Extracting by manifest.
618 silly tarball no local data for semver@https://registry.npmjs.org/semver/-/semver-6.3.0.tgz. Extracting by manifest.
619 silly tarball no local data for semver@https://registry.npmjs.org/semver/-/semver-6.3.0.tgz. Extracting by manifest.
620 silly tarball no local data for supports-color@https://registry.npmjs.org/supports-color/-/supports-color-7.2.0.tgz. Extracting by manifest.
621 silly tarball no local data for has-flag@https://registry.npmjs.org/has-flag/-/has-flag-4.0.0.tgz. Extracting by manifest.
622 silly tarball no local data for semver@https://registry.npmjs.org/semver/-/semver-7.3.5.tgz. Extracting by manifest.
623 silly tarball no local data for ms@https://registry.npmjs.org/ms/-/ms-2.1.3.tgz. Extracting by manifest.
624 silly tarball no local data for debug@https://registry.npmjs.org/debug/-/debug-3.2.7.tgz. Extracting by manifest.
625 http fetch POST 200 https://registry.npmjs.org/-/npm/v1/security/advisories/bulk 1520ms
626 timing auditReport:getReport Completed in 1528ms
627 silly audit report {}
628 timing auditReport:init Completed in 0ms
629 timing reify:audit Completed in 1530ms
630 http fetch GET 200 https://registry.npmjs.org/crypto-random-string/-/crypto-random-string-2.0.0.tgz 2541ms (cache miss)
631 http fetch GET 200 https://registry.npmjs.org/strip-ansi/-/strip-ansi-6.0.1.tgz 2527ms (cache miss)
632 http fetch GET 200 https://registry.npmjs.org/minimist/-/minimist-1.2.5.tgz 2497ms (cache miss)
633 http fetch GET 200 https://registry.npmjs.org/mimic-response/-/mimic-response-1.0.1.tgz 2438ms (cache miss)
634 timing reifyNode:node_modules/mimic-response Completed in 2843ms
635 http fetch GET 200 https://registry.npmjs.org/ansi-regex/-/ansi-regex-5.0.1.tgz 2683ms (cache miss)
636 timing reifyNode:node_modules/strip-ansi Completed in 2922ms
637 timing reifyNode:node_modules/crypto-random-string Completed in 2924ms
638 http fetch GET 200 https://registry.npmjs.org/is-fullwidth-code-point/-/is-fullwidth-code-point-3.0.0.tgz 2714ms (cache miss)
639 timing reifyNode:node_modules/is-fullwidth-code-point Completed in 2938ms
640 http fetch GET 200 https://registry.npmjs.org/escape-goat/-/escape-goat-2.1.1.tgz 2669ms (cache miss)
641 http fetch GET 200 https://registry.npmjs.org/end-of-stream/-/end-of-stream-1.4.4.tgz 2653ms (cache miss)
642 timing reifyNode:node_modules/end-of-stream Completed in 2962ms
643 timing reifyNode:node_modules/ansi-regex Completed in 2964ms
644 timing reifyNode:node_modules/escape-goat Completed in 2999ms
645 http fetch GET 200 https://registry.npmjs.org/wrappy/-/wrappy-1.0.2.tgz 2727ms (cache miss)
646 timing reifyNode:node_modules/wrappy Completed in 3024ms
647 http fetch GET 200 https://registry.npmjs.org/lowercase-keys/-/lowercase-keys-1.0.1.tgz 2625ms (cache miss)
648 timing reifyNode:node_modules/lowercase-keys Completed in 3037ms
649 http fetch GET 200 https://registry.npmjs.org/to-readable-stream/-/to-readable-stream-1.0.0.tgz 2656ms (cache miss)
650 timing reifyNode:node_modules/to-readable-stream Completed in 3047ms
651 http fetch GET 200 https://registry.npmjs.org/color-name/-/color-name-1.1.4.tgz 2435ms (cache miss)
652 timing reifyNode:node_modules/color-name Completed in 3057ms
653 http fetch GET 200 https://registry.npmjs.org/unique-string/-/unique-string-2.0.0.tgz 2481ms (cache miss)
654 http fetch GET 200 https://registry.npmjs.org/string-width/-/string-width-4.2.3.tgz 2404ms (cache miss)
655 http fetch GET 200 https://registry.npmjs.org/widest-line/-/widest-line-3.1.0.tgz 2426ms (cache miss)
656 http fetch GET 200 https://registry.npmjs.org/get-stream/-/get-stream-4.1.0.tgz 2700ms (cache miss)
657 http fetch GET 200 https://registry.npmjs.org/url-parse-lax/-/url-parse-lax-3.0.0.tgz 2782ms (cache miss)
658 timing reifyNode:node_modules/url-parse-lax Completed in 3160ms
659 http fetch GET 200 https://registry.npmjs.org/@szmarczak/http-timer/-/http-timer-1.1.2.tgz 2675ms (cache miss)
660 timing reifyNode:node_modules/@szmarczak/http-timer Completed in 3169ms
661 timing reifyNode:node_modules/get-stream Completed in 3170ms
662 http fetch GET 200 https://registry.npmjs.org/strip-json-comments/-/strip-json-comments-2.0.1.tgz 3002ms (cache miss)
663 timing reifyNode:node_modules/strip-json-comments Completed in 3246ms
664 http fetch GET 200 https://registry.npmjs.org/pump/-/pump-3.0.0.tgz 2929ms (cache miss)
665 http fetch GET 200 https://registry.npmjs.org/deep-extend/-/deep-extend-0.6.0.tgz 3017ms (cache miss)
666 http fetch GET 200 https://registry.npmjs.org/is-obj/-/is-obj-2.0.0.tgz 2723ms (cache miss)
667 http fetch GET 200 https://registry.npmjs.org/global-dirs/-/global-dirs-3.0.0.tgz 2749ms (cache miss)
668 http fetch GET 200 https://registry.npmjs.org/is-installed-globally/-/is-installed-globally-0.4.0.tgz 2544ms (cache miss)
669 http fetch GET 200 https://registry.npmjs.org/is-typedarray/-/is-typedarray-1.0.0.tgz 3249ms (cache miss)
670 timing reifyNode:node_modules/is-typedarray Completed in 3417ms
671 http fetch GET 200 https://registry.npmjs.org/json-buffer/-/json-buffer-3.0.0.tgz 3114ms (cache miss)
672 http fetch GET 200 https://registry.npmjs.org/defer-to-connect/-/defer-to-connect-1.1.3.tgz 3085ms (cache miss)
673 timing reifyNode:node_modules/defer-to-connect Completed in 3457ms
674 http fetch GET 200 https://registry.npmjs.org/http-cache-semantics/-/http-cache-semantics-4.1.0.tgz 3118ms (cache miss)
675 timing reifyNode:node_modules/http-cache-semantics Completed in 3477ms
676 http fetch GET 200 https://registry.npmjs.org/responselike/-/responselike-1.0.2.tgz 3156ms (cache miss)
677 timing reifyNode:node_modules/responselike Completed in 3490ms
678 timing reifyNode:node_modules/is-obj Completed in 3486ms
679 timing reifyNode:node_modules/global-dirs Completed in 3487ms
680 timing reifyNode:node_modules/unique-string Completed in 3487ms
681 http fetch GET 200 https://registry.npmjs.org/dot-prop/-/dot-prop-5.3.0.tgz 2889ms (cache miss)
682 http fetch GET 200 https://registry.npmjs.org/color-convert/-/color-convert-2.0.1.tgz 2880ms (cache miss)
683 http fetch GET 200 https://registry.npmjs.org/has-flag/-/has-flag-3.0.0.tgz 2643ms (cache miss)
684 timing reifyNode:node_modules/has-flag Completed in 3527ms
685 http fetch GET 200 https://registry.npmjs.org/balanced-match/-/balanced-match-1.0.2.tgz 2632ms (cache miss)
686 http fetch GET 200 https://registry.npmjs.org/once/-/once-1.4.0.tgz 3260ms (cache miss)
687 timing reifyNode:node_modules/once Completed in 3563ms
688 http fetch GET 200 https://registry.npmjs.org/prepend-http/-/prepend-http-2.0.0.tgz 3412ms (cache miss)
689 timing reifyNode:node_modules/prepend-http Completed in 3592ms
690 http fetch GET 200 https://registry.npmjs.org/clone-response/-/clone-response-1.0.2.tgz 3239ms (cache miss)
691 timing reifyNode:node_modules/clone-response Completed in 3605ms
692 http fetch GET 200 https://registry.npmjs.org/registry-url/-/registry-url-5.1.0.tgz 3120ms (cache miss)
693 timing reifyNode:node_modules/registry-url Completed in 3627ms
694 timing reifyNode:node_modules/widest-line Completed in 3624ms
695 timing reifyNode:node_modules/string-width Completed in 3625ms
696 timing reifyNode:node_modules/dot-prop Completed in 3629ms
697 http fetch GET 200 https://registry.npmjs.org/latest-version/-/latest-version-5.1.0.tgz 2898ms (cache miss)
698 timing reifyNode:node_modules/deep-extend Completed in 3683ms
699 http fetch GET 200 https://registry.npmjs.org/decompress-response/-/decompress-response-3.3.0.tgz 3213ms (cache miss)
700 timing reifyNode:node_modules/decompress-response Completed in 3692ms
701 http fetch GET 200 https://registry.npmjs.org/duplexer3/-/duplexer3-0.1.4.tgz 3249ms (cache miss)
702 timing reifyNode:node_modules/duplexer3 Completed in 3703ms
703 timing reifyNode:node_modules/latest-version Completed in 3704ms
704 http fetch GET 200 https://registry.npmjs.org/pupa/-/pupa-2.1.1.tgz 2985ms (cache miss)
705 timing reifyNode:node_modules/pupa Completed in 3717ms
706 http fetch GET 200 https://registry.npmjs.org/is-ci/-/is-ci-2.0.0.tgz 2968ms (cache miss)
707 http fetch GET 200 https://registry.npmjs.org/import-lazy/-/import-lazy-2.1.0.tgz 2948ms (cache miss)
708 timing reifyNode:node_modules/import-lazy Completed in 3741ms
709 http fetch GET 200 https://registry.npmjs.org/configstore/-/configstore-5.0.1.tgz 2934ms (cache miss)
710 timing reifyNode:node_modules/configstore Completed in 3750ms
711 http fetch GET 200 https://registry.npmjs.org/abbrev/-/abbrev-1.1.1.tgz 2911ms (cache miss)
712 timing reifyNode:node_modules/abbrev Completed in 3759ms
713 http fetch GET 200 https://registry.npmjs.org/is-path-inside/-/is-path-inside-3.0.3.tgz 3237ms (cache miss)
714 timing reifyNode:node_modules/is-path-inside Completed in 3791ms
715 timing reifyNode:node_modules/is-installed-globally Completed in 3805ms
716 http fetch GET 200 https://registry.npmjs.org/cli-boxes/-/cli-boxes-2.2.1.tgz 3153ms (cache miss)
717 http fetch GET 200 https://registry.npmjs.org/ansi-align/-/ansi-align-3.0.1.tgz 3168ms (cache miss)
718 timing reifyNode:node_modules/ansi-align Completed in 3870ms
719 http fetch GET 200 https://registry.npmjs.org/semver-diff/-/semver-diff-3.1.1.tgz 3158ms (cache miss)
720 timing reifyNode:node_modules/semver-diff Completed in 3881ms
721 http fetch GET 200 https://registry.npmjs.org/xdg-basedir/-/xdg-basedir-4.0.0.tgz 3176ms (cache miss)
722 timing reifyNode:node_modules/xdg-basedir Completed in 3892ms
723 http fetch GET 200 https://registry.npmjs.org/is-yarn-global/-/is-yarn-global-0.3.0.tgz 3165ms (cache miss)
724 timing reifyNode:node_modules/is-yarn-global Completed in 3912ms
725 http fetch GET 200 https://registry.npmjs.org/is-glob/-/is-glob-4.0.3.tgz 2932ms (cache miss)
726 timing reifyNode:node_modules/is-glob Completed in 3917ms
727 http fetch GET 200 https://registry.npmjs.org/normalize-path/-/normalize-path-3.0.0.tgz 2955ms (cache miss)
728 timing reifyNode:node_modules/normalize-path Completed in 3926ms
729 http fetch GET 200 https://registry.npmjs.org/supports-color/-/supports-color-5.5.0.tgz 2878ms (cache miss)
730 http fetch GET 200 https://registry.npmjs.org/is-npm/-/is-npm-5.0.0.tgz 3211ms (cache miss)
731 timing reifyNode:node_modules/is-npm Completed in 3964ms
732 timing reifyNode:node_modules/pump Completed in 3978ms
733 timing reifyNode:node_modules/cli-boxes Completed in 3972ms
734 http fetch GET 200 https://registry.npmjs.org/has-yarn/-/has-yarn-2.1.0.tgz 3173ms (cache miss)
735 timing reifyNode:node_modules/has-yarn Completed in 3981ms
736 timing reifyNode:node_modules/balanced-match Completed in 3980ms
737 timing reifyNode:node_modules/supports-color Completed in 3978ms
738 http fetch GET 200 https://registry.npmjs.org/ini/-/ini-1.3.8.tgz 2848ms (cache miss)
739 timing reifyNode:node_modules/rc/node_modules/ini Completed in 4013ms
740 http fetch GET 200 https://registry.npmjs.org/ignore-by-default/-/ignore-by-default-1.0.1.tgz 2892ms (cache miss)
741 timing reifyNode:node_modules/ignore-by-default Completed in 4010ms
742 http fetch GET 200 https://registry.npmjs.org/concat-map/-/concat-map-0.0.1.tgz 3145ms (cache miss)
743 timing reifyNode:node_modules/json-buffer Completed in 4051ms
744 http fetch GET 200 https://registry.npmjs.org/binary-extensions/-/binary-extensions-2.2.0.tgz 3125ms (cache miss)
745 http fetch GET 200 https://registry.npmjs.org/is-extglob/-/is-extglob-2.1.1.tgz 3148ms (cache miss)
746 timing reifyNode:node_modules/is-extglob Completed in 4073ms
747 http fetch GET 200 https://registry.npmjs.org/lowercase-keys/-/lowercase-keys-2.0.0.tgz 2929ms (cache miss)
748 timing reifyNode:node_modules/cacheable-request/node_modules/lowercase-keys Completed in 4096ms
749 http fetch GET 200 https://registry.npmjs.org/has-flag/-/has-flag-4.0.0.tgz 2891ms (cache miss)
750 http fetch GET 200 https://registry.npmjs.org/supports-color/-/supports-color-7.2.0.tgz 2904ms (cache miss)
751 http fetch GET 200 https://registry.npmjs.org/is-binary-path/-/is-binary-path-2.1.0.tgz 3142ms (cache miss)
752 timing reifyNode:node_modules/is-binary-path Completed in 4132ms
753 http fetch GET 200 https://registry.npmjs.org/anymatch/-/anymatch-3.1.2.tgz 3132ms (cache miss)
754 timing reifyNode:node_modules/anymatch Completed in 4141ms
755 http fetch GET 200 https://registry.npmjs.org/undefsafe/-/undefsafe-2.0.5.tgz 3125ms (cache miss)
756 timing reifyNode:node_modules/chalk/node_modules/supports-color Completed in 4154ms
757 timing reifyNode:node_modules/is-ci Completed in 4156ms
758 timing reifyNode:node_modules/chalk/node_modules/has-flag Completed in 4159ms
759 http fetch GET 200 https://registry.npmjs.org/imurmurhash/-/imurmurhash-0.1.4.tgz 4025ms (cache miss)
760 timing reifyNode:node_modules/imurmurhash Completed in 4199ms
761 http fetch GET 200 https://registry.npmjs.org/ms/-/ms-2.1.3.tgz 2981ms (cache miss)
762 timing reifyNode:node_modules/nodemon/node_modules/ms Completed in 4203ms
763 timing reifyNode:node_modules/color-convert Completed in 4224ms
764 http fetch GET 200 https://registry.npmjs.org/lru-cache/-/lru-cache-6.0.0.tgz 4106ms (cache miss)
765 timing reifyNode:node_modules/lru-cache Completed in 4257ms
766 timing reifyNode:node_modules/binary-extensions Completed in 4267ms
767 http fetch GET 200 https://registry.npmjs.org/signal-exit/-/signal-exit-3.0.6.tgz 4154ms (cache miss)
768 timing reifyNode:node_modules/signal-exit Completed in 4310ms
769 http fetch GET 200 https://registry.npmjs.org/wrap-ansi/-/wrap-ansi-7.0.0.tgz 3666ms (cache miss)
770 timing reifyNode:node_modules/wrap-ansi Completed in 4319ms
771 timing reifyNode:node_modules/concat-map Completed in 4318ms
772 http fetch GET 200 https://registry.npmjs.org/keyv/-/keyv-3.1.0.tgz 3999ms (cache miss)
773 timing reifyNode:node_modules/keyv Completed in 4346ms
774 http fetch GET 200 https://registry.npmjs.org/write-file-atomic/-/write-file-atomic-3.0.3.tgz 3771ms (cache miss)
775 timing reifyNode:node_modules/write-file-atomic Completed in 4352ms
776 http fetch GET 200 https://registry.npmjs.org/ini/-/ini-2.0.0.tgz 3828ms (cache miss)
777 timing reifyNode:node_modules/ini Completed in 4370ms
778 http fetch GET 200 https://registry.npmjs.org/yallist/-/yallist-4.0.0.tgz 4262ms (cache miss)
779 timing reifyNode:node_modules/yallist Completed in 4401ms
780 http fetch GET 200 https://registry.npmjs.org/normalize-url/-/normalize-url-4.5.1.tgz 4098ms (cache miss)
781 timing reifyNode:node_modules/normalize-url Completed in 4438ms
782 http fetch GET 200 https://registry.npmjs.org/cacheable-request/-/cacheable-request-6.1.0.tgz 3986ms (cache miss)
783 timing reifyNode:node_modules/cacheable-request Completed in 4474ms
784 http fetch GET 200 https://registry.npmjs.org/p-cancelable/-/p-cancelable-1.1.0.tgz 4090ms (cache miss)
785 timing reifyNode:node_modules/p-cancelable Completed in 4488ms
786 http fetch GET 200 https://registry.npmjs.org/package-json/-/package-json-6.5.0.tgz 3967ms (cache miss)
787 timing reifyNode:node_modules/package-json Completed in 4496ms
788 http fetch GET 200 https://registry.npmjs.org/to-regex-range/-/to-regex-range-5.0.1.tgz 3556ms (cache miss)
789 timing reifyNode:node_modules/to-regex-range Completed in 4497ms
790 http fetch GET 200 https://registry.npmjs.org/readdirp/-/readdirp-3.6.0.tgz 3560ms (cache miss)
791 timing reifyNode:node_modules/readdirp Completed in 4525ms
792 http fetch GET 200 https://registry.npmjs.org/make-dir/-/make-dir-3.1.0.tgz 3963ms (cache miss)
793 timing reifyNode:node_modules/make-dir Completed in 4557ms
794 http fetch GET 200 https://registry.npmjs.org/fill-range/-/fill-range-7.0.1.tgz 3612ms (cache miss)
795 timing reifyNode:node_modules/fill-range Completed in 4565ms
796 http fetch GET 200 https://registry.npmjs.org/brace-expansion/-/brace-expansion-1.1.11.tgz 3670ms (cache miss)
797 timing reifyNode:node_modules/brace-expansion Completed in 4587ms
798 http fetch GET 200 https://registry.npmjs.org/ansi-styles/-/ansi-styles-4.3.0.tgz 3959ms (cache miss)
799 timing reifyNode:node_modules/ansi-styles Completed in 4603ms
800 http fetch GET 200 https://registry.npmjs.org/update-notifier/-/update-notifier-5.1.0.tgz 3588ms (cache miss)
801 timing reifyNode:node_modules/update-notifier Completed in 4617ms
802 http fetch GET 200 https://registry.npmjs.org/is-number/-/is-number-7.0.0.tgz 3785ms (cache miss)
803 timing reifyNode:node_modules/is-number Completed in 4660ms
804 http fetch GET 200 https://registry.npmjs.org/boxen/-/boxen-5.1.2.tgz 3841ms (cache miss)
805 timing reifyNode:node_modules/boxen Completed in 4677ms
806 http fetch GET 200 https://registry.npmjs.org/typedarray-to-buffer/-/typedarray-to-buffer-3.1.5.tgz 4547ms (cache miss)
807 timing reifyNode:node_modules/typedarray-to-buffer Completed in 4710ms
808 http fetch GET 200 https://registry.npmjs.org/minimatch/-/minimatch-3.0.4.tgz 3591ms (cache miss)
809 timing reifyNode:node_modules/minimatch Completed in 4699ms
810 http fetch GET 200 https://registry.npmjs.org/registry-auth-token/-/registry-auth-token-4.2.1.tgz 4200ms (cache miss)
811 timing reifyNode:node_modules/registry-auth-token Completed in 4722ms
812 http fetch GET 200 https://registry.npmjs.org/camelcase/-/camelcase-6.3.0.tgz 4045ms (cache miss)
813 timing reifyNode:node_modules/camelcase Completed in 4742ms
814 http fetch GET 200 https://registry.npmjs.org/@sindresorhus/is/-/is-0.14.0.tgz 4263ms (cache miss)
815 timing reifyNode:node_modules/@sindresorhus/is Completed in 4764ms
816 http fetch GET 200 https://registry.npmjs.org/graceful-fs/-/graceful-fs-4.2.9.tgz 4172ms (cache miss)
817 timing reifyNode:node_modules/graceful-fs Completed in 4782ms
818 timing reifyNode:node_modules/undefsafe Completed in 4787ms
819 http fetch GET 200 https://registry.npmjs.org/ci-info/-/ci-info-2.0.0.tgz 4243ms (cache miss)
820 timing reifyNode:node_modules/ci-info Completed in 4811ms
821 http fetch GET 200 https://registry.npmjs.org/chalk/-/chalk-4.1.2.tgz 3999ms (cache miss)
822 timing reifyNode:node_modules/chalk Completed in 4824ms
823 http fetch GET 200 https://registry.npmjs.org/glob-parent/-/glob-parent-5.1.2.tgz 3840ms (cache miss)
824 timing reifyNode:node_modules/glob-parent Completed in 4837ms
825 http fetch GET 200 https://registry.npmjs.org/emoji-regex/-/emoji-regex-8.0.0.tgz 4638ms (cache miss)
826 timing reifyNode:node_modules/emoji-regex Completed in 4875ms
827 http fetch GET 200 https://registry.npmjs.org/touch/-/touch-3.1.0.tgz 3843ms (cache miss)
828 timing reifyNode:node_modules/touch Completed in 4877ms
829 http fetch GET 200 https://registry.npmjs.org/get-stream/-/get-stream-5.2.0.tgz 3735ms (cache miss)
830 timing reifyNode:node_modules/cacheable-request/node_modules/get-stream Completed in 4923ms
831 http fetch GET 200 https://registry.npmjs.org/semver/-/semver-6.3.0.tgz 3763ms (cache miss)
832 timing reifyNode:node_modules/package-json/node_modules/semver Completed in 4936ms
833 http fetch GET 200 https://registry.npmjs.org/nopt/-/nopt-1.0.10.tgz 4077ms (cache miss)
834 timing reifyNode:node_modules/nopt Completed in 4944ms
835 http fetch GET 200 https://registry.npmjs.org/semver/-/semver-6.3.0.tgz 3765ms (cache miss)
836 timing reifyNode:node_modules/semver-diff/node_modules/semver Completed in 4967ms
837 http fetch GET 200 https://registry.npmjs.org/semver/-/semver-5.7.1.tgz 3871ms (cache miss)
838 timing reifyNode:node_modules/semver Completed in 4970ms
839 http fetch GET 200 https://registry.npmjs.org/braces/-/braces-3.0.2.tgz 3980ms (cache miss)
840 timing reifyNode:node_modules/braces Completed in 4982ms
841 http fetch GET 200 https://registry.npmjs.org/semver/-/semver-6.3.0.tgz 3814ms (cache miss)
842 timing reifyNode:node_modules/make-dir/node_modules/semver Completed in 5004ms
843 http fetch GET 200 https://registry.npmjs.org/rc/-/rc-1.2.8.tgz 4769ms (cache miss)
844 timing reifyNode:node_modules/rc Completed in 5040ms
845 http fetch GET 200 https://registry.npmjs.org/chokidar/-/chokidar-3.5.2.tgz 3904ms (cache miss)
846 timing reifyNode:node_modules/chokidar Completed in 5035ms
847 http fetch GET 200 https://registry.npmjs.org/debug/-/debug-3.2.7.tgz 3822ms (cache miss)
848 timing reifyNode:node_modules/nodemon/node_modules/debug Completed in 5050ms
849 http fetch GET 200 https://registry.npmjs.org/picomatch/-/picomatch-2.3.1.tgz 4111ms (cache miss)
850 timing reifyNode:node_modules/picomatch Completed in 5070ms
851 http fetch GET 200 https://registry.npmjs.org/pstree.remy/-/pstree.remy-1.1.8.tgz 4047ms (cache miss)
852 timing reifyNode:node_modules/pstree.remy Completed in 5090ms
853 timing reifyNode:node_modules/minimist Completed in 5126ms
854 http fetch GET 200 https://registry.npmjs.org/got/-/got-9.6.0.tgz 4637ms (cache miss)
855 timing reifyNode:node_modules/got Completed in 5151ms
856 http fetch GET 200 https://registry.npmjs.org/type-fest/-/type-fest-0.20.2.tgz 4587ms (cache miss)
857 timing reifyNode:node_modules/type-fest Completed in 5257ms
858 http fetch GET 200 https://registry.npmjs.org/nodemon/-/nodemon-2.0.15.tgz 4133ms (cache miss)
859 timing reifyNode:node_modules/nodemon Completed in 5273ms
860 http fetch GET 200 https://registry.npmjs.org/semver/-/semver-7.3.5.tgz 4123ms (cache miss)
861 timing reifyNode:node_modules/update-notifier/node_modules/semver Completed in 5340ms
862 timing reify:unpack Completed in 5362ms
863 timing reify:unretire Completed in 1ms
864 timing build:queue Completed in 20ms
865 timing build:link:node_modules/is-ci Completed in 128ms
866 timing build:link:node_modules/rc Completed in 127ms
867 timing build:link:node_modules/nodemon Completed in 128ms
868 timing build:link:node_modules/nopt Completed in 128ms
869 timing build:link:node_modules/semver Completed in 127ms
870 timing build:link:node_modules/touch Completed in 127ms
871 timing build:link:node_modules/make-dir/node_modules/semver Completed in 128ms
872 timing build:link:node_modules/package-json/node_modules/semver Completed in 130ms
873 timing build:link:node_modules/update-notifier/node_modules/semver Completed in 132ms
874 timing build:link:node_modules/semver-diff/node_modules/semver Completed in 133ms
875 timing build:link Completed in 136ms
876 info run nodemon@2.0.15 postinstall node_modules/nodemon node bin/postinstall || exit 0
877 info run nodemon@2.0.15 postinstall { code: 0, signal: null }
878 timing build:run:postinstall:node_modules/nodemon Completed in 2218ms
879 timing build:run:postinstall Completed in 2220ms
880 timing build:deps Completed in 2378ms
881 timing build Completed in 2378ms
882 timing reify:build Completed in 2380ms
883 timing reify:trash Completed in 2ms
884 timing reify:save Completed in 97ms
885 timing reify Completed in 12600ms
886 silly ADD node_modules/yallist
887 silly ADD node_modules/lru-cache
888 silly ADD node_modules/typedarray-to-buffer
889 silly ADD node_modules/signal-exit
890 silly ADD node_modules/is-typedarray
891 silly ADD node_modules/imurmurhash
892 silly ADD node_modules/prepend-http
893 silly ADD node_modules/crypto-random-string
894 silly ADD node_modules/ansi-regex
895 silly ADD node_modules/strip-ansi
896 silly ADD node_modules/is-fullwidth-code-point
897 silly ADD node_modules/emoji-regex
898 silly ADD node_modules/strip-json-comments
899 silly ADD node_modules/minimist
900 silly ADD node_modules/deep-extend
901 silly ADD node_modules/rc
902 silly ADD node_modules/rc/node_modules/ini
903 silly ADD node_modules/escape-goat
904 silly ADD node_modules/wrappy
905 silly ADD node_modules/once
906 silly ADD node_modules/end-of-stream
907 silly ADD node_modules/json-buffer
908 silly ADD node_modules/pump
909 silly ADD node_modules/responselike
910 silly ADD node_modules/normalize-url
911 silly ADD node_modules/keyv
912 silly ADD node_modules/http-cache-semantics
913 silly ADD node_modules/clone-response
914 silly ADD node_modules/defer-to-connect
915 silly ADD node_modules/url-parse-lax
916 silly ADD node_modules/to-readable-stream
917 silly ADD node_modules/p-cancelable
918 silly ADD node_modules/mimic-response
919 silly ADD node_modules/lowercase-keys
920 silly ADD node_modules/get-stream
921 silly ADD node_modules/duplexer3
922 silly ADD node_modules/decompress-response
923 silly ADD node_modules/cacheable-request
924 silly ADD node_modules/cacheable-request/node_modules/lowercase-keys
925 silly ADD node_modules/cacheable-request/node_modules/get-stream
926 silly ADD node_modules/@szmarczak/http-timer
927 silly ADD node_modules/@sindresorhus/is
928 silly ADD node_modules/registry-url
929 silly ADD node_modules/registry-auth-token
930 silly ADD node_modules/got
931 silly ADD node_modules/package-json
932 silly ADD node_modules/package-json/node_modules/semver
933 silly ADD node_modules/ini
934 silly ADD node_modules/is-path-inside
935 silly ADD node_modules/global-dirs
936 silly ADD node_modules/ci-info
937 silly ADD node_modules/is-obj
938 silly ADD node_modules/write-file-atomic
939 silly ADD node_modules/unique-string
940 silly ADD node_modules/make-dir
941 silly ADD node_modules/make-dir/node_modules/semver
942 silly ADD node_modules/graceful-fs
943 silly ADD node_modules/dot-prop
944 silly ADD node_modules/color-name
945 silly ADD node_modules/color-convert
946 silly ADD node_modules/ansi-styles
947 silly ADD node_modules/wrap-ansi
948 silly ADD node_modules/widest-line
949 silly ADD node_modules/type-fest
950 silly ADD node_modules/string-width
951 silly ADD node_modules/cli-boxes
952 silly ADD node_modules/camelcase
953 silly ADD node_modules/ansi-align
954 silly ADD node_modules/xdg-basedir
955 silly ADD node_modules/semver-diff
956 silly ADD node_modules/semver-diff/node_modules/semver
957 silly ADD node_modules/pupa
958 silly ADD node_modules/latest-version
959 silly ADD node_modules/is-yarn-global
960 silly ADD node_modules/is-npm
961 silly ADD node_modules/is-installed-globally
962 silly ADD node_modules/is-ci
963 silly ADD node_modules/import-lazy
964 silly ADD node_modules/has-yarn
965 silly ADD node_modules/configstore
966 silly ADD node_modules/chalk
967 silly ADD node_modules/chalk/node_modules/has-flag
968 silly ADD node_modules/chalk/node_modules/supports-color
969 silly ADD node_modules/boxen
970 silly ADD node_modules/abbrev
971 silly ADD node_modules/nopt
972 silly ADD node_modules/is-number
973 silly ADD node_modules/has-flag
974 silly ADD node_modules/concat-map
975 silly ADD node_modules/balanced-match
976 silly ADD node_modules/brace-expansion
977 silly ADD node_modules/is-extglob
978 silly ADD node_modules/binary-extensions
979 silly ADD node_modules/to-regex-range
980 silly ADD node_modules/fill-range
981 silly ADD node_modules/picomatch
982 silly ADD node_modules/readdirp
983 silly ADD node_modules/normalize-path
984 silly ADD node_modules/is-glob
985 silly ADD node_modules/is-binary-path
986 silly ADD node_modules/glob-parent
987 silly ADD
988 silly ADD node_modules/braces
989 silly ADD node_modules/anymatch
990 silly ADD node_modules/update-notifier
991 silly ADD node_modules/update-notifier/node_modules/semver
992 silly ADD node_modules/undefsafe
993 silly ADD node_modules/touch
994 silly ADD node_modules/supports-color
995 silly ADD node_modules/semver
996 silly ADD node_modules/pstree.remy
997 silly ADD node_modules/minimatch
998 silly ADD node_modules/ignore-by-default
999 silly ADD node_modules/chokidar
1000 silly ADD node_modules/nodemon
1001 silly ADD node_modules/nodemon/node_modules/ms
1002 silly ADD node_modules/nodemon/node_modules/debug
1003 timing command:install Completed in 12636ms
1004 verbose exit 0
1005 timing npm Completed in 13355ms
1006 info ok
