0 verbose cli [
0 verbose cli   'E:\\node.exe',
0 verbose cli   'C:\\Users\\Victor de flos\\AppData\\Roaming\\npm\\node_modules\\npm\\bin\\npm-cli.js',
0 verbose cli   'start'
0 verbose cli ]
1 info using npm@8.3.0
2 info using node@v17.3.0
3 timing npm:load:whichnode Completed in 1ms
4 timing config:load:defaults Completed in 3ms
5 timing config:load:file:C:\Users\Victor de flos\AppData\Roaming\npm\node_modules\npm\npmrc Completed in 7ms
6 timing config:load:builtin Completed in 8ms
7 timing config:load:cli Completed in 4ms
8 timing config:load:env Completed in 1ms
9 timing config:load:file:C:\Users\Victor de flos\Dropbox\PC\Desktop\REST_API\.npmrc Completed in 1ms
10 timing config:load:project Completed in 6ms
11 timing config:load:file:C:\Users\Victor de flos\.npmrc Completed in 1ms
12 timing config:load:user Completed in 2ms
13 timing config:load:file:C:\Users\Victor de flos\AppData\Roaming\npm\etc\npmrc Completed in 0ms
14 timing config:load:global Completed in 0ms
15 timing config:load:validate Completed in 1ms
16 timing config:load:credentials Completed in 3ms
17 timing config:load:setEnvs Completed in 2ms
18 timing config:load Completed in 33ms
19 timing npm:load:configload Completed in 33ms
20 timing npm:load:setTitle Completed in 1ms
21 timing config:load:flatten Completed in 6ms
22 timing npm:load:display Completed in 11ms
23 verbose logfile C:\Users\Victor de flos\Dropbox\PC\Desktop\REST_API\_logs\2022-01-07T08_15_59_714Z-debug-0.log
24 timing npm:load:logFile Completed in 16ms
25 timing npm:load:timers Completed in 0ms
26 timing npm:load:configScope Completed in 0ms
27 timing npm:load Completed in 62ms
28 timing command:run-script Completed in 830421ms
29 timing command:start Completed in 830437ms
30 verbose exit 3221225786
31 timing npm Completed in 831045ms
32 verbose code 3221225786
